[2026-03-20T08:03:19.293+0000] {taskinstance.py:1957} INFO - Dependencies all met for dep_context=non-requeueable deps ti=<TaskInstance: weather_etl_pipeline.extract_weather manual__2026-03-20T08:03:18.031677+00:00 [queued]>
[2026-03-20T08:03:19.296+0000] {taskinstance.py:1957} INFO - Dependencies all met for dep_context=requeueable deps ti=<TaskInstance: weather_etl_pipeline.extract_weather manual__2026-03-20T08:03:18.031677+00:00 [queued]>
[2026-03-20T08:03:19.297+0000] {taskinstance.py:2171} INFO - Starting attempt 1 of 2
[2026-03-20T08:03:19.301+0000] {taskinstance.py:2192} INFO - Executing <Task(PythonOperator): extract_weather> on 2026-03-20 08:03:18.031677+00:00
[2026-03-20T08:03:19.304+0000] {standard_task_runner.py:60} INFO - Started process 177 to run task
[2026-03-20T08:03:19.305+0000] {standard_task_runner.py:87} INFO - Running: ['***', 'tasks', 'run', 'weather_etl_pipeline', 'extract_weather', 'manual__2026-03-20T08:03:18.031677+00:00', '--job-id', '14', '--raw', '--subdir', 'DAGS_FOLDER/weather_etl_dag.py', '--cfg-path', '/tmp/tmpfgwqjn93']
[2026-03-20T08:03:19.307+0000] {standard_task_runner.py:88} INFO - Job 14: Subtask extract_weather
[2026-03-20T08:03:19.332+0000] {task_command.py:423} INFO - Running <TaskInstance: weather_etl_pipeline.extract_weather manual__2026-03-20T08:03:18.031677+00:00 [running]> on host e7088b8afdb4
[2026-03-20T08:03:19.366+0000] {taskinstance.py:2481} INFO - Exporting env vars: AIRFLOW_CTX_DAG_OWNER='data_engineer' AIRFLOW_CTX_DAG_ID='weather_etl_pipeline' AIRFLOW_CTX_TASK_ID='extract_weather' AIRFLOW_CTX_EXECUTION_DATE='2026-03-20T08:03:18.031677+00:00' AIRFLOW_CTX_TRY_NUMBER='1' AIRFLOW_CTX_DAG_RUN_ID='manual__2026-03-20T08:03:18.031677+00:00'
[2026-03-20T08:03:19.366+0000] {extract.py:22} INFO - ============================================================
[2026-03-20T08:03:19.366+0000] {extract.py:23} INFO - STEP 1: EXTRACT - Fetching Weather Data
[2026-03-20T08:03:19.366+0000] {extract.py:24} INFO - ============================================================
[2026-03-20T08:03:19.366+0000] {extract.py:31} INFO - Fetching data for: London
[2026-03-20T08:03:19.878+0000] {extract.py:62} INFO - London: 5.3°C, Sunny
[2026-03-20T08:03:19.879+0000] {extract.py:31} INFO - Fetching data for: New York
[2026-03-20T08:03:20.309+0000] {extract.py:62} INFO - New York: 5.3°C, Overcast
[2026-03-20T08:03:20.310+0000] {extract.py:31} INFO - Fetching data for: Tokyo
[2026-03-20T08:03:20.760+0000] {extract.py:62} INFO - Tokyo: 9.3°C, Light rain shower
[2026-03-20T08:03:20.761+0000] {extract.py:31} INFO - Fetching data for: Singapore
[2026-03-20T08:03:21.180+0000] {extract.py:62} INFO - Singapore: 32.1°C, Partly cloudy
[2026-03-20T08:03:21.180+0000] {extract.py:31} INFO - Fetching data for: Sydney
[2026-03-20T08:03:21.606+0000] {extract.py:62} INFO - Sydney: 24.3°C, Patchy rain nearby
[2026-03-20T08:03:21.638+0000] {extract.py:80} INFO - Extracted data for 5 cities
[2026-03-20T08:03:21.640+0000] {python.py:201} INFO - Done. Returned value was: Extracted weather data for 5 cities
[2026-03-20T08:03:21.648+0000] {taskinstance.py:1138} INFO - Marking task as SUCCESS. dag_id=weather_etl_pipeline, task_id=extract_weather, execution_date=20260320T080318, start_date=20260320T080319, end_date=20260320T080321
[2026-03-20T08:03:21.695+0000] {local_task_job_runner.py:234} INFO - Task exited with return code 0
[2026-03-20T08:03:21.709+0000] {taskinstance.py:3281} INFO - 1 downstream tasks scheduled from follow-on schedule check
