[2026-03-20T07:29:22.586+0000] {processor.py:161} INFO - Started process (PID=170) to work on /opt/airflow/dags/weather_etl_dag.py
[2026-03-20T07:29:22.587+0000] {processor.py:830} INFO - Processing file /opt/airflow/dags/weather_etl_dag.py for tasks to queue
[2026-03-20T07:29:22.588+0000] {logging_mixin.py:188} INFO - [2026-03-20T07:29:22.588+0000] {dagbag.py:538} INFO - Filling up the DagBag from /opt/airflow/dags/weather_etl_dag.py
[2026-03-20T07:29:22.608+0000] {processor.py:840} INFO - DAG(s) 'weather_etl_pipeline' retrieved from /opt/airflow/dags/weather_etl_dag.py
[2026-03-20T07:29:22.618+0000] {logging_mixin.py:188} INFO - [2026-03-20T07:29:22.618+0000] {dag.py:3033} INFO - Sync 1 DAGs
[2026-03-20T07:29:22.629+0000] {logging_mixin.py:188} INFO - [2026-03-20T07:29:22.628+0000] {dag.py:3820} INFO - Setting next_dagrun for weather_etl_pipeline to 2026-03-20T06:00:00+00:00, run_after=2026-03-20T07:00:00+00:00
[2026-03-20T07:29:22.740+0000] {processor.py:183} INFO - Processing /opt/airflow/dags/weather_etl_dag.py took 0.156 seconds
[2026-03-20T07:30:10.517+0000] {processor.py:161} INFO - Started process (PID=171) to work on /opt/airflow/dags/weather_etl_dag.py
[2026-03-20T07:30:10.518+0000] {processor.py:830} INFO - Processing file /opt/airflow/dags/weather_etl_dag.py for tasks to queue
[2026-03-20T07:30:10.520+0000] {logging_mixin.py:188} INFO - [2026-03-20T07:30:10.519+0000] {dagbag.py:538} INFO - Filling up the DagBag from /opt/airflow/dags/weather_etl_dag.py
[2026-03-20T07:30:10.533+0000] {processor.py:840} INFO - DAG(s) 'weather_etl_pipeline' retrieved from /opt/airflow/dags/weather_etl_dag.py
[2026-03-20T07:30:10.543+0000] {logging_mixin.py:188} INFO - [2026-03-20T07:30:10.543+0000] {dag.py:3033} INFO - Sync 1 DAGs
[2026-03-20T07:30:10.552+0000] {logging_mixin.py:188} INFO - [2026-03-20T07:30:10.552+0000] {dag.py:3820} INFO - Setting next_dagrun for weather_etl_pipeline to 2026-03-20T06:00:00+00:00, run_after=2026-03-20T07:00:00+00:00
[2026-03-20T07:30:10.624+0000] {processor.py:183} INFO - Processing /opt/airflow/dags/weather_etl_dag.py took 0.109 seconds
[2026-03-20T07:30:40.798+0000] {processor.py:161} INFO - Started process (PID=176) to work on /opt/airflow/dags/weather_etl_dag.py
[2026-03-20T07:30:40.798+0000] {processor.py:830} INFO - Processing file /opt/airflow/dags/weather_etl_dag.py for tasks to queue
[2026-03-20T07:30:40.799+0000] {logging_mixin.py:188} INFO - [2026-03-20T07:30:40.799+0000] {dagbag.py:538} INFO - Filling up the DagBag from /opt/airflow/dags/weather_etl_dag.py
[2026-03-20T07:30:40.815+0000] {processor.py:840} INFO - DAG(s) 'weather_etl_pipeline' retrieved from /opt/airflow/dags/weather_etl_dag.py
[2026-03-20T07:30:41.016+0000] {logging_mixin.py:188} INFO - [2026-03-20T07:30:41.016+0000] {dag.py:3033} INFO - Sync 1 DAGs
[2026-03-20T07:30:41.023+0000] {logging_mixin.py:188} INFO - [2026-03-20T07:30:41.023+0000] {dag.py:3820} INFO - Setting next_dagrun for weather_etl_pipeline to 2026-03-20T06:00:00+00:00, run_after=2026-03-20T07:00:00+00:00
[2026-03-20T07:30:41.030+0000] {processor.py:183} INFO - Processing /opt/airflow/dags/weather_etl_dag.py took 0.236 seconds
[2026-03-20T07:31:11.100+0000] {processor.py:161} INFO - Started process (PID=181) to work on /opt/airflow/dags/weather_etl_dag.py
[2026-03-20T07:31:11.101+0000] {processor.py:830} INFO - Processing file /opt/airflow/dags/weather_etl_dag.py for tasks to queue
[2026-03-20T07:31:11.102+0000] {logging_mixin.py:188} INFO - [2026-03-20T07:31:11.101+0000] {dagbag.py:538} INFO - Filling up the DagBag from /opt/airflow/dags/weather_etl_dag.py
[2026-03-20T07:31:11.122+0000] {processor.py:840} INFO - DAG(s) 'weather_etl_pipeline' retrieved from /opt/airflow/dags/weather_etl_dag.py
[2026-03-20T07:31:11.313+0000] {logging_mixin.py:188} INFO - [2026-03-20T07:31:11.313+0000] {dag.py:3033} INFO - Sync 1 DAGs
[2026-03-20T07:31:11.325+0000] {logging_mixin.py:188} INFO - [2026-03-20T07:31:11.325+0000] {dag.py:3820} INFO - Setting next_dagrun for weather_etl_pipeline to 2026-03-20T06:00:00+00:00, run_after=2026-03-20T07:00:00+00:00
[2026-03-20T07:31:11.335+0000] {processor.py:183} INFO - Processing /opt/airflow/dags/weather_etl_dag.py took 0.239 seconds
[2026-03-20T07:31:41.615+0000] {processor.py:161} INFO - Started process (PID=186) to work on /opt/airflow/dags/weather_etl_dag.py
[2026-03-20T07:31:41.616+0000] {processor.py:830} INFO - Processing file /opt/airflow/dags/weather_etl_dag.py for tasks to queue
[2026-03-20T07:31:41.617+0000] {logging_mixin.py:188} INFO - [2026-03-20T07:31:41.617+0000] {dagbag.py:538} INFO - Filling up the DagBag from /opt/airflow/dags/weather_etl_dag.py
[2026-03-20T07:31:41.775+0000] {processor.py:840} INFO - DAG(s) 'weather_etl_pipeline' retrieved from /opt/airflow/dags/weather_etl_dag.py
[2026-03-20T07:31:41.786+0000] {logging_mixin.py:188} INFO - [2026-03-20T07:31:41.785+0000] {dag.py:3033} INFO - Sync 1 DAGs
[2026-03-20T07:31:41.794+0000] {logging_mixin.py:188} INFO - [2026-03-20T07:31:41.794+0000] {dag.py:3820} INFO - Setting next_dagrun for weather_etl_pipeline to 2026-03-20T06:00:00+00:00, run_after=2026-03-20T07:00:00+00:00
[2026-03-20T07:31:41.800+0000] {processor.py:183} INFO - Processing /opt/airflow/dags/weather_etl_dag.py took 0.189 seconds
[2026-03-20T07:32:16.858+0000] {processor.py:161} INFO - Started process (PID=171) to work on /opt/airflow/dags/weather_etl_dag.py
[2026-03-20T07:32:16.859+0000] {processor.py:830} INFO - Processing file /opt/airflow/dags/weather_etl_dag.py for tasks to queue
[2026-03-20T07:32:16.859+0000] {logging_mixin.py:188} INFO - [2026-03-20T07:32:16.859+0000] {dagbag.py:538} INFO - Filling up the DagBag from /opt/airflow/dags/weather_etl_dag.py
[2026-03-20T07:32:16.875+0000] {processor.py:840} INFO - DAG(s) 'weather_etl_pipeline' retrieved from /opt/airflow/dags/weather_etl_dag.py
[2026-03-20T07:32:16.887+0000] {logging_mixin.py:188} INFO - [2026-03-20T07:32:16.887+0000] {dag.py:3033} INFO - Sync 1 DAGs
[2026-03-20T07:32:16.899+0000] {logging_mixin.py:188} INFO - [2026-03-20T07:32:16.898+0000] {dag.py:3820} INFO - Setting next_dagrun for weather_etl_pipeline to 2026-03-20T06:00:00+00:00, run_after=2026-03-20T07:00:00+00:00
[2026-03-20T07:32:16.990+0000] {processor.py:183} INFO - Processing /opt/airflow/dags/weather_etl_dag.py took 0.134 seconds
[2026-03-20T07:32:47.147+0000] {processor.py:161} INFO - Started process (PID=176) to work on /opt/airflow/dags/weather_etl_dag.py
[2026-03-20T07:32:47.148+0000] {processor.py:830} INFO - Processing file /opt/airflow/dags/weather_etl_dag.py for tasks to queue
[2026-03-20T07:32:47.149+0000] {logging_mixin.py:188} INFO - [2026-03-20T07:32:47.148+0000] {dagbag.py:538} INFO - Filling up the DagBag from /opt/airflow/dags/weather_etl_dag.py
[2026-03-20T07:32:47.167+0000] {processor.py:840} INFO - DAG(s) 'weather_etl_pipeline' retrieved from /opt/airflow/dags/weather_etl_dag.py
[2026-03-20T07:32:47.398+0000] {logging_mixin.py:188} INFO - [2026-03-20T07:32:47.398+0000] {dag.py:3033} INFO - Sync 1 DAGs
[2026-03-20T07:32:47.406+0000] {logging_mixin.py:188} INFO - [2026-03-20T07:32:47.406+0000] {dag.py:3820} INFO - Setting next_dagrun for weather_etl_pipeline to 2026-03-20T06:00:00+00:00, run_after=2026-03-20T07:00:00+00:00
[2026-03-20T07:32:47.413+0000] {processor.py:183} INFO - Processing /opt/airflow/dags/weather_etl_dag.py took 0.272 seconds
[2026-03-20T07:33:17.478+0000] {processor.py:161} INFO - Started process (PID=181) to work on /opt/airflow/dags/weather_etl_dag.py
[2026-03-20T07:33:17.479+0000] {processor.py:830} INFO - Processing file /opt/airflow/dags/weather_etl_dag.py for tasks to queue
[2026-03-20T07:33:17.480+0000] {logging_mixin.py:188} INFO - [2026-03-20T07:33:17.479+0000] {dagbag.py:538} INFO - Filling up the DagBag from /opt/airflow/dags/weather_etl_dag.py
[2026-03-20T07:33:17.499+0000] {processor.py:840} INFO - DAG(s) 'weather_etl_pipeline' retrieved from /opt/airflow/dags/weather_etl_dag.py
[2026-03-20T07:33:17.623+0000] {logging_mixin.py:188} INFO - [2026-03-20T07:33:17.623+0000] {dag.py:3033} INFO - Sync 1 DAGs
[2026-03-20T07:33:17.632+0000] {logging_mixin.py:188} INFO - [2026-03-20T07:33:17.631+0000] {dag.py:3820} INFO - Setting next_dagrun for weather_etl_pipeline to 2026-03-20T06:00:00+00:00, run_after=2026-03-20T07:00:00+00:00
[2026-03-20T07:33:17.638+0000] {processor.py:183} INFO - Processing /opt/airflow/dags/weather_etl_dag.py took 0.163 seconds
[2026-03-20T07:33:47.747+0000] {processor.py:161} INFO - Started process (PID=186) to work on /opt/airflow/dags/weather_etl_dag.py
[2026-03-20T07:33:47.747+0000] {processor.py:830} INFO - Processing file /opt/airflow/dags/weather_etl_dag.py for tasks to queue
[2026-03-20T07:33:47.748+0000] {logging_mixin.py:188} INFO - [2026-03-20T07:33:47.748+0000] {dagbag.py:538} INFO - Filling up the DagBag from /opt/airflow/dags/weather_etl_dag.py
[2026-03-20T07:33:47.838+0000] {processor.py:840} INFO - DAG(s) 'weather_etl_pipeline' retrieved from /opt/airflow/dags/weather_etl_dag.py
[2026-03-20T07:33:47.848+0000] {logging_mixin.py:188} INFO - [2026-03-20T07:33:47.848+0000] {dag.py:3033} INFO - Sync 1 DAGs
[2026-03-20T07:33:47.855+0000] {logging_mixin.py:188} INFO - [2026-03-20T07:33:47.855+0000] {dag.py:3820} INFO - Setting next_dagrun for weather_etl_pipeline to 2026-03-20T06:00:00+00:00, run_after=2026-03-20T07:00:00+00:00
[2026-03-20T07:33:47.861+0000] {processor.py:183} INFO - Processing /opt/airflow/dags/weather_etl_dag.py took 0.118 seconds
[2026-03-20T07:34:18.145+0000] {processor.py:161} INFO - Started process (PID=191) to work on /opt/airflow/dags/weather_etl_dag.py
[2026-03-20T07:34:18.146+0000] {processor.py:830} INFO - Processing file /opt/airflow/dags/weather_etl_dag.py for tasks to queue
[2026-03-20T07:34:18.147+0000] {logging_mixin.py:188} INFO - [2026-03-20T07:34:18.146+0000] {dagbag.py:538} INFO - Filling up the DagBag from /opt/airflow/dags/weather_etl_dag.py
[2026-03-20T07:34:18.164+0000] {processor.py:840} INFO - DAG(s) 'weather_etl_pipeline' retrieved from /opt/airflow/dags/weather_etl_dag.py
[2026-03-20T07:34:18.182+0000] {logging_mixin.py:188} INFO - [2026-03-20T07:34:18.182+0000] {dag.py:3033} INFO - Sync 1 DAGs
[2026-03-20T07:34:18.194+0000] {logging_mixin.py:188} INFO - [2026-03-20T07:34:18.194+0000] {dag.py:3820} INFO - Setting next_dagrun for weather_etl_pipeline to 2026-03-20T06:00:00+00:00, run_after=2026-03-20T07:00:00+00:00
[2026-03-20T07:34:18.202+0000] {processor.py:183} INFO - Processing /opt/airflow/dags/weather_etl_dag.py took 0.061 seconds
[2026-03-20T07:34:48.372+0000] {processor.py:161} INFO - Started process (PID=196) to work on /opt/airflow/dags/weather_etl_dag.py
[2026-03-20T07:34:48.373+0000] {processor.py:830} INFO - Processing file /opt/airflow/dags/weather_etl_dag.py for tasks to queue
[2026-03-20T07:34:48.373+0000] {logging_mixin.py:188} INFO - [2026-03-20T07:34:48.373+0000] {dagbag.py:538} INFO - Filling up the DagBag from /opt/airflow/dags/weather_etl_dag.py
[2026-03-20T07:34:48.386+0000] {processor.py:840} INFO - DAG(s) 'weather_etl_pipeline' retrieved from /opt/airflow/dags/weather_etl_dag.py
[2026-03-20T07:34:48.400+0000] {logging_mixin.py:188} INFO - [2026-03-20T07:34:48.400+0000] {dag.py:3033} INFO - Sync 1 DAGs
[2026-03-20T07:34:48.412+0000] {logging_mixin.py:188} INFO - [2026-03-20T07:34:48.412+0000] {dag.py:3820} INFO - Setting next_dagrun for weather_etl_pipeline to 2026-03-20T06:00:00+00:00, run_after=2026-03-20T07:00:00+00:00
[2026-03-20T07:34:48.419+0000] {processor.py:183} INFO - Processing /opt/airflow/dags/weather_etl_dag.py took 0.049 seconds
[2026-03-20T07:35:18.642+0000] {processor.py:161} INFO - Started process (PID=201) to work on /opt/airflow/dags/weather_etl_dag.py
[2026-03-20T07:35:18.643+0000] {processor.py:830} INFO - Processing file /opt/airflow/dags/weather_etl_dag.py for tasks to queue
[2026-03-20T07:35:18.644+0000] {logging_mixin.py:188} INFO - [2026-03-20T07:35:18.643+0000] {dagbag.py:538} INFO - Filling up the DagBag from /opt/airflow/dags/weather_etl_dag.py
[2026-03-20T07:35:18.661+0000] {processor.py:840} INFO - DAG(s) 'weather_etl_pipeline' retrieved from /opt/airflow/dags/weather_etl_dag.py
[2026-03-20T07:35:18.678+0000] {logging_mixin.py:188} INFO - [2026-03-20T07:35:18.678+0000] {dag.py:3033} INFO - Sync 1 DAGs
[2026-03-20T07:35:18.691+0000] {logging_mixin.py:188} INFO - [2026-03-20T07:35:18.691+0000] {dag.py:3820} INFO - Setting next_dagrun for weather_etl_pipeline to 2026-03-20T06:00:00+00:00, run_after=2026-03-20T07:00:00+00:00
[2026-03-20T07:35:18.699+0000] {processor.py:183} INFO - Processing /opt/airflow/dags/weather_etl_dag.py took 0.060 seconds
[2026-03-20T07:35:48.929+0000] {processor.py:161} INFO - Started process (PID=206) to work on /opt/airflow/dags/weather_etl_dag.py
[2026-03-20T07:35:48.930+0000] {processor.py:830} INFO - Processing file /opt/airflow/dags/weather_etl_dag.py for tasks to queue
[2026-03-20T07:35:48.931+0000] {logging_mixin.py:188} INFO - [2026-03-20T07:35:48.931+0000] {dagbag.py:538} INFO - Filling up the DagBag from /opt/airflow/dags/weather_etl_dag.py
[2026-03-20T07:35:48.947+0000] {processor.py:840} INFO - DAG(s) 'weather_etl_pipeline' retrieved from /opt/airflow/dags/weather_etl_dag.py
[2026-03-20T07:35:48.968+0000] {logging_mixin.py:188} INFO - [2026-03-20T07:35:48.967+0000] {dag.py:3033} INFO - Sync 1 DAGs
[2026-03-20T07:35:48.981+0000] {logging_mixin.py:188} INFO - [2026-03-20T07:35:48.981+0000] {dag.py:3820} INFO - Setting next_dagrun for weather_etl_pipeline to 2026-03-20T06:00:00+00:00, run_after=2026-03-20T07:00:00+00:00
[2026-03-20T07:35:48.989+0000] {processor.py:183} INFO - Processing /opt/airflow/dags/weather_etl_dag.py took 0.066 seconds
[2026-03-20T07:36:19.269+0000] {processor.py:161} INFO - Started process (PID=211) to work on /opt/airflow/dags/weather_etl_dag.py
[2026-03-20T07:36:19.270+0000] {processor.py:830} INFO - Processing file /opt/airflow/dags/weather_etl_dag.py for tasks to queue
[2026-03-20T07:36:19.272+0000] {logging_mixin.py:188} INFO - [2026-03-20T07:36:19.270+0000] {dagbag.py:538} INFO - Filling up the DagBag from /opt/airflow/dags/weather_etl_dag.py
[2026-03-20T07:36:19.297+0000] {processor.py:840} INFO - DAG(s) 'weather_etl_pipeline' retrieved from /opt/airflow/dags/weather_etl_dag.py
[2026-03-20T07:36:19.323+0000] {logging_mixin.py:188} INFO - [2026-03-20T07:36:19.323+0000] {dag.py:3033} INFO - Sync 1 DAGs
[2026-03-20T07:36:19.340+0000] {logging_mixin.py:188} INFO - [2026-03-20T07:36:19.340+0000] {dag.py:3820} INFO - Setting next_dagrun for weather_etl_pipeline to 2026-03-20T06:00:00+00:00, run_after=2026-03-20T07:00:00+00:00
[2026-03-20T07:36:19.352+0000] {processor.py:183} INFO - Processing /opt/airflow/dags/weather_etl_dag.py took 0.089 seconds
[2026-03-20T07:36:49.517+0000] {processor.py:161} INFO - Started process (PID=216) to work on /opt/airflow/dags/weather_etl_dag.py
[2026-03-20T07:36:49.517+0000] {processor.py:830} INFO - Processing file /opt/airflow/dags/weather_etl_dag.py for tasks to queue
[2026-03-20T07:36:49.518+0000] {logging_mixin.py:188} INFO - [2026-03-20T07:36:49.517+0000] {dagbag.py:538} INFO - Filling up the DagBag from /opt/airflow/dags/weather_etl_dag.py
[2026-03-20T07:36:49.528+0000] {processor.py:840} INFO - DAG(s) 'weather_etl_pipeline' retrieved from /opt/airflow/dags/weather_etl_dag.py
[2026-03-20T07:36:49.543+0000] {logging_mixin.py:188} INFO - [2026-03-20T07:36:49.543+0000] {dag.py:3033} INFO - Sync 1 DAGs
[2026-03-20T07:36:49.554+0000] {logging_mixin.py:188} INFO - [2026-03-20T07:36:49.554+0000] {dag.py:3820} INFO - Setting next_dagrun for weather_etl_pipeline to 2026-03-20T06:00:00+00:00, run_after=2026-03-20T07:00:00+00:00
[2026-03-20T07:36:49.562+0000] {processor.py:183} INFO - Processing /opt/airflow/dags/weather_etl_dag.py took 0.048 seconds
[2026-03-20T07:37:19.777+0000] {processor.py:161} INFO - Started process (PID=221) to work on /opt/airflow/dags/weather_etl_dag.py
[2026-03-20T07:37:19.777+0000] {processor.py:830} INFO - Processing file /opt/airflow/dags/weather_etl_dag.py for tasks to queue
[2026-03-20T07:37:19.778+0000] {logging_mixin.py:188} INFO - [2026-03-20T07:37:19.778+0000] {dagbag.py:538} INFO - Filling up the DagBag from /opt/airflow/dags/weather_etl_dag.py
[2026-03-20T07:37:19.791+0000] {processor.py:840} INFO - DAG(s) 'weather_etl_pipeline' retrieved from /opt/airflow/dags/weather_etl_dag.py
[2026-03-20T07:37:19.808+0000] {logging_mixin.py:188} INFO - [2026-03-20T07:37:19.808+0000] {dag.py:3033} INFO - Sync 1 DAGs
[2026-03-20T07:37:19.822+0000] {logging_mixin.py:188} INFO - [2026-03-20T07:37:19.821+0000] {dag.py:3820} INFO - Setting next_dagrun for weather_etl_pipeline to 2026-03-20T06:00:00+00:00, run_after=2026-03-20T07:00:00+00:00
[2026-03-20T07:37:19.830+0000] {processor.py:183} INFO - Processing /opt/airflow/dags/weather_etl_dag.py took 0.056 seconds
[2026-03-20T07:37:50.022+0000] {processor.py:161} INFO - Started process (PID=226) to work on /opt/airflow/dags/weather_etl_dag.py
[2026-03-20T07:37:50.023+0000] {processor.py:830} INFO - Processing file /opt/airflow/dags/weather_etl_dag.py for tasks to queue
[2026-03-20T07:37:50.024+0000] {logging_mixin.py:188} INFO - [2026-03-20T07:37:50.023+0000] {dagbag.py:538} INFO - Filling up the DagBag from /opt/airflow/dags/weather_etl_dag.py
[2026-03-20T07:37:50.043+0000] {processor.py:840} INFO - DAG(s) 'weather_etl_pipeline' retrieved from /opt/airflow/dags/weather_etl_dag.py
[2026-03-20T07:37:50.065+0000] {logging_mixin.py:188} INFO - [2026-03-20T07:37:50.065+0000] {dag.py:3033} INFO - Sync 1 DAGs
[2026-03-20T07:37:50.081+0000] {logging_mixin.py:188} INFO - [2026-03-20T07:37:50.081+0000] {dag.py:3820} INFO - Setting next_dagrun for weather_etl_pipeline to 2026-03-20T06:00:00+00:00, run_after=2026-03-20T07:00:00+00:00
[2026-03-20T07:37:50.094+0000] {processor.py:183} INFO - Processing /opt/airflow/dags/weather_etl_dag.py took 0.075 seconds
[2026-03-20T07:38:20.313+0000] {processor.py:161} INFO - Started process (PID=231) to work on /opt/airflow/dags/weather_etl_dag.py
[2026-03-20T07:38:20.313+0000] {processor.py:830} INFO - Processing file /opt/airflow/dags/weather_etl_dag.py for tasks to queue
[2026-03-20T07:38:20.314+0000] {logging_mixin.py:188} INFO - [2026-03-20T07:38:20.314+0000] {dagbag.py:538} INFO - Filling up the DagBag from /opt/airflow/dags/weather_etl_dag.py
[2026-03-20T07:38:20.326+0000] {processor.py:840} INFO - DAG(s) 'weather_etl_pipeline' retrieved from /opt/airflow/dags/weather_etl_dag.py
[2026-03-20T07:38:20.340+0000] {logging_mixin.py:188} INFO - [2026-03-20T07:38:20.340+0000] {dag.py:3033} INFO - Sync 1 DAGs
[2026-03-20T07:38:20.353+0000] {logging_mixin.py:188} INFO - [2026-03-20T07:38:20.353+0000] {dag.py:3820} INFO - Setting next_dagrun for weather_etl_pipeline to 2026-03-20T06:00:00+00:00, run_after=2026-03-20T07:00:00+00:00
[2026-03-20T07:38:20.360+0000] {processor.py:183} INFO - Processing /opt/airflow/dags/weather_etl_dag.py took 0.050 seconds
[2026-03-20T07:38:50.598+0000] {processor.py:161} INFO - Started process (PID=236) to work on /opt/airflow/dags/weather_etl_dag.py
[2026-03-20T07:38:50.599+0000] {processor.py:830} INFO - Processing file /opt/airflow/dags/weather_etl_dag.py for tasks to queue
[2026-03-20T07:38:50.600+0000] {logging_mixin.py:188} INFO - [2026-03-20T07:38:50.599+0000] {dagbag.py:538} INFO - Filling up the DagBag from /opt/airflow/dags/weather_etl_dag.py
[2026-03-20T07:38:50.612+0000] {processor.py:840} INFO - DAG(s) 'weather_etl_pipeline' retrieved from /opt/airflow/dags/weather_etl_dag.py
[2026-03-20T07:38:50.626+0000] {logging_mixin.py:188} INFO - [2026-03-20T07:38:50.626+0000] {dag.py:3033} INFO - Sync 1 DAGs
[2026-03-20T07:38:50.638+0000] {logging_mixin.py:188} INFO - [2026-03-20T07:38:50.638+0000] {dag.py:3820} INFO - Setting next_dagrun for weather_etl_pipeline to 2026-03-20T06:00:00+00:00, run_after=2026-03-20T07:00:00+00:00
[2026-03-20T07:38:50.646+0000] {processor.py:183} INFO - Processing /opt/airflow/dags/weather_etl_dag.py took 0.050 seconds
[2026-03-20T07:39:20.854+0000] {processor.py:161} INFO - Started process (PID=241) to work on /opt/airflow/dags/weather_etl_dag.py
[2026-03-20T07:39:20.855+0000] {processor.py:830} INFO - Processing file /opt/airflow/dags/weather_etl_dag.py for tasks to queue
[2026-03-20T07:39:20.856+0000] {logging_mixin.py:188} INFO - [2026-03-20T07:39:20.856+0000] {dagbag.py:538} INFO - Filling up the DagBag from /opt/airflow/dags/weather_etl_dag.py
[2026-03-20T07:39:20.874+0000] {processor.py:840} INFO - DAG(s) 'weather_etl_pipeline' retrieved from /opt/airflow/dags/weather_etl_dag.py
[2026-03-20T07:39:20.892+0000] {logging_mixin.py:188} INFO - [2026-03-20T07:39:20.891+0000] {dag.py:3033} INFO - Sync 1 DAGs
[2026-03-20T07:39:20.904+0000] {logging_mixin.py:188} INFO - [2026-03-20T07:39:20.904+0000] {dag.py:3820} INFO - Setting next_dagrun for weather_etl_pipeline to 2026-03-20T06:00:00+00:00, run_after=2026-03-20T07:00:00+00:00
[2026-03-20T07:39:20.912+0000] {processor.py:183} INFO - Processing /opt/airflow/dags/weather_etl_dag.py took 0.062 seconds
[2026-03-20T07:39:51.165+0000] {processor.py:161} INFO - Started process (PID=246) to work on /opt/airflow/dags/weather_etl_dag.py
[2026-03-20T07:39:51.166+0000] {processor.py:830} INFO - Processing file /opt/airflow/dags/weather_etl_dag.py for tasks to queue
[2026-03-20T07:39:51.166+0000] {logging_mixin.py:188} INFO - [2026-03-20T07:39:51.166+0000] {dagbag.py:538} INFO - Filling up the DagBag from /opt/airflow/dags/weather_etl_dag.py
[2026-03-20T07:39:51.177+0000] {processor.py:840} INFO - DAG(s) 'weather_etl_pipeline' retrieved from /opt/airflow/dags/weather_etl_dag.py
[2026-03-20T07:39:51.193+0000] {logging_mixin.py:188} INFO - [2026-03-20T07:39:51.193+0000] {dag.py:3033} INFO - Sync 1 DAGs
[2026-03-20T07:39:51.204+0000] {logging_mixin.py:188} INFO - [2026-03-20T07:39:51.204+0000] {dag.py:3820} INFO - Setting next_dagrun for weather_etl_pipeline to 2026-03-20T06:00:00+00:00, run_after=2026-03-20T07:00:00+00:00
[2026-03-20T07:39:51.212+0000] {processor.py:183} INFO - Processing /opt/airflow/dags/weather_etl_dag.py took 0.049 seconds
[2026-03-20T07:40:21.448+0000] {processor.py:161} INFO - Started process (PID=251) to work on /opt/airflow/dags/weather_etl_dag.py
[2026-03-20T07:40:21.448+0000] {processor.py:830} INFO - Processing file /opt/airflow/dags/weather_etl_dag.py for tasks to queue
[2026-03-20T07:40:21.449+0000] {logging_mixin.py:188} INFO - [2026-03-20T07:40:21.449+0000] {dagbag.py:538} INFO - Filling up the DagBag from /opt/airflow/dags/weather_etl_dag.py
[2026-03-20T07:40:21.471+0000] {processor.py:840} INFO - DAG(s) 'weather_etl_pipeline' retrieved from /opt/airflow/dags/weather_etl_dag.py
[2026-03-20T07:40:21.495+0000] {logging_mixin.py:188} INFO - [2026-03-20T07:40:21.495+0000] {dag.py:3033} INFO - Sync 1 DAGs
[2026-03-20T07:40:21.513+0000] {logging_mixin.py:188} INFO - [2026-03-20T07:40:21.513+0000] {dag.py:3820} INFO - Setting next_dagrun for weather_etl_pipeline to 2026-03-20T06:00:00+00:00, run_after=2026-03-20T07:00:00+00:00
[2026-03-20T07:40:21.522+0000] {processor.py:183} INFO - Processing /opt/airflow/dags/weather_etl_dag.py took 0.079 seconds
[2026-03-20T07:40:51.761+0000] {processor.py:161} INFO - Started process (PID=256) to work on /opt/airflow/dags/weather_etl_dag.py
[2026-03-20T07:40:51.762+0000] {processor.py:830} INFO - Processing file /opt/airflow/dags/weather_etl_dag.py for tasks to queue
[2026-03-20T07:40:51.762+0000] {logging_mixin.py:188} INFO - [2026-03-20T07:40:51.762+0000] {dagbag.py:538} INFO - Filling up the DagBag from /opt/airflow/dags/weather_etl_dag.py
[2026-03-20T07:40:51.778+0000] {processor.py:840} INFO - DAG(s) 'weather_etl_pipeline' retrieved from /opt/airflow/dags/weather_etl_dag.py
[2026-03-20T07:40:51.796+0000] {logging_mixin.py:188} INFO - [2026-03-20T07:40:51.796+0000] {dag.py:3033} INFO - Sync 1 DAGs
[2026-03-20T07:40:51.808+0000] {logging_mixin.py:188} INFO - [2026-03-20T07:40:51.808+0000] {dag.py:3820} INFO - Setting next_dagrun for weather_etl_pipeline to 2026-03-20T06:00:00+00:00, run_after=2026-03-20T07:00:00+00:00
[2026-03-20T07:40:51.816+0000] {processor.py:183} INFO - Processing /opt/airflow/dags/weather_etl_dag.py took 0.059 seconds
[2026-03-20T07:41:22.082+0000] {processor.py:161} INFO - Started process (PID=261) to work on /opt/airflow/dags/weather_etl_dag.py
[2026-03-20T07:41:22.083+0000] {processor.py:830} INFO - Processing file /opt/airflow/dags/weather_etl_dag.py for tasks to queue
[2026-03-20T07:41:22.084+0000] {logging_mixin.py:188} INFO - [2026-03-20T07:41:22.083+0000] {dagbag.py:538} INFO - Filling up the DagBag from /opt/airflow/dags/weather_etl_dag.py
[2026-03-20T07:41:22.113+0000] {processor.py:840} INFO - DAG(s) 'weather_etl_pipeline' retrieved from /opt/airflow/dags/weather_etl_dag.py
[2026-03-20T07:41:22.140+0000] {logging_mixin.py:188} INFO - [2026-03-20T07:41:22.139+0000] {dag.py:3033} INFO - Sync 1 DAGs
[2026-03-20T07:41:22.156+0000] {logging_mixin.py:188} INFO - [2026-03-20T07:41:22.156+0000] {dag.py:3820} INFO - Setting next_dagrun for weather_etl_pipeline to 2026-03-20T06:00:00+00:00, run_after=2026-03-20T07:00:00+00:00
[2026-03-20T07:41:22.167+0000] {processor.py:183} INFO - Processing /opt/airflow/dags/weather_etl_dag.py took 0.090 seconds
[2026-03-20T07:41:52.385+0000] {processor.py:161} INFO - Started process (PID=270) to work on /opt/airflow/dags/weather_etl_dag.py
[2026-03-20T07:41:52.386+0000] {processor.py:830} INFO - Processing file /opt/airflow/dags/weather_etl_dag.py for tasks to queue
[2026-03-20T07:41:52.387+0000] {logging_mixin.py:188} INFO - [2026-03-20T07:41:52.386+0000] {dagbag.py:538} INFO - Filling up the DagBag from /opt/airflow/dags/weather_etl_dag.py
[2026-03-20T07:41:52.401+0000] {processor.py:840} INFO - DAG(s) 'weather_etl_pipeline' retrieved from /opt/airflow/dags/weather_etl_dag.py
[2026-03-20T07:41:52.419+0000] {logging_mixin.py:188} INFO - [2026-03-20T07:41:52.419+0000] {dag.py:3033} INFO - Sync 1 DAGs
[2026-03-20T07:41:52.431+0000] {logging_mixin.py:188} INFO - [2026-03-20T07:41:52.431+0000] {dag.py:3820} INFO - Setting next_dagrun for weather_etl_pipeline to 2026-03-20T07:00:00+00:00, run_after=2026-03-20T08:00:00+00:00
[2026-03-20T07:41:52.440+0000] {processor.py:183} INFO - Processing /opt/airflow/dags/weather_etl_dag.py took 0.058 seconds
[2026-03-20T07:42:22.726+0000] {processor.py:161} INFO - Started process (PID=277) to work on /opt/airflow/dags/weather_etl_dag.py
[2026-03-20T07:42:22.727+0000] {processor.py:830} INFO - Processing file /opt/airflow/dags/weather_etl_dag.py for tasks to queue
[2026-03-20T07:42:22.728+0000] {logging_mixin.py:188} INFO - [2026-03-20T07:42:22.728+0000] {dagbag.py:538} INFO - Filling up the DagBag from /opt/airflow/dags/weather_etl_dag.py
[2026-03-20T07:42:22.745+0000] {processor.py:840} INFO - DAG(s) 'weather_etl_pipeline' retrieved from /opt/airflow/dags/weather_etl_dag.py
[2026-03-20T07:42:22.766+0000] {logging_mixin.py:188} INFO - [2026-03-20T07:42:22.766+0000] {dag.py:3033} INFO - Sync 1 DAGs
[2026-03-20T07:42:22.779+0000] {logging_mixin.py:188} INFO - [2026-03-20T07:42:22.779+0000] {dag.py:3820} INFO - Setting next_dagrun for weather_etl_pipeline to 2026-03-20T07:00:00+00:00, run_after=2026-03-20T08:00:00+00:00
[2026-03-20T07:42:22.787+0000] {processor.py:183} INFO - Processing /opt/airflow/dags/weather_etl_dag.py took 0.064 seconds
[2026-03-20T07:42:53.046+0000] {processor.py:161} INFO - Started process (PID=282) to work on /opt/airflow/dags/weather_etl_dag.py
[2026-03-20T07:42:53.047+0000] {processor.py:830} INFO - Processing file /opt/airflow/dags/weather_etl_dag.py for tasks to queue
[2026-03-20T07:42:53.047+0000] {logging_mixin.py:188} INFO - [2026-03-20T07:42:53.047+0000] {dagbag.py:538} INFO - Filling up the DagBag from /opt/airflow/dags/weather_etl_dag.py
[2026-03-20T07:42:53.065+0000] {processor.py:840} INFO - DAG(s) 'weather_etl_pipeline' retrieved from /opt/airflow/dags/weather_etl_dag.py
[2026-03-20T07:42:53.082+0000] {logging_mixin.py:188} INFO - [2026-03-20T07:42:53.081+0000] {dag.py:3033} INFO - Sync 1 DAGs
[2026-03-20T07:42:53.095+0000] {logging_mixin.py:188} INFO - [2026-03-20T07:42:53.095+0000] {dag.py:3820} INFO - Setting next_dagrun for weather_etl_pipeline to 2026-03-20T07:00:00+00:00, run_after=2026-03-20T08:00:00+00:00
[2026-03-20T07:42:53.105+0000] {processor.py:183} INFO - Processing /opt/airflow/dags/weather_etl_dag.py took 0.062 seconds
[2026-03-20T07:43:23.417+0000] {processor.py:161} INFO - Started process (PID=287) to work on /opt/airflow/dags/weather_etl_dag.py
[2026-03-20T07:43:23.418+0000] {processor.py:830} INFO - Processing file /opt/airflow/dags/weather_etl_dag.py for tasks to queue
[2026-03-20T07:43:23.420+0000] {logging_mixin.py:188} INFO - [2026-03-20T07:43:23.419+0000] {dagbag.py:538} INFO - Filling up the DagBag from /opt/airflow/dags/weather_etl_dag.py
[2026-03-20T07:43:23.441+0000] {processor.py:840} INFO - DAG(s) 'weather_etl_pipeline' retrieved from /opt/airflow/dags/weather_etl_dag.py
[2026-03-20T07:43:23.473+0000] {logging_mixin.py:188} INFO - [2026-03-20T07:43:23.473+0000] {dag.py:3033} INFO - Sync 1 DAGs
[2026-03-20T07:43:23.496+0000] {logging_mixin.py:188} INFO - [2026-03-20T07:43:23.496+0000] {dag.py:3820} INFO - Setting next_dagrun for weather_etl_pipeline to 2026-03-20T07:00:00+00:00, run_after=2026-03-20T08:00:00+00:00
[2026-03-20T07:43:23.506+0000] {processor.py:183} INFO - Processing /opt/airflow/dags/weather_etl_dag.py took 0.092 seconds
[2026-03-20T07:43:53.740+0000] {processor.py:161} INFO - Started process (PID=292) to work on /opt/airflow/dags/weather_etl_dag.py
[2026-03-20T07:43:53.741+0000] {processor.py:830} INFO - Processing file /opt/airflow/dags/weather_etl_dag.py for tasks to queue
[2026-03-20T07:43:53.742+0000] {logging_mixin.py:188} INFO - [2026-03-20T07:43:53.741+0000] {dagbag.py:538} INFO - Filling up the DagBag from /opt/airflow/dags/weather_etl_dag.py
[2026-03-20T07:43:53.757+0000] {processor.py:840} INFO - DAG(s) 'weather_etl_pipeline' retrieved from /opt/airflow/dags/weather_etl_dag.py
[2026-03-20T07:43:53.783+0000] {logging_mixin.py:188} INFO - [2026-03-20T07:43:53.783+0000] {dag.py:3033} INFO - Sync 1 DAGs
[2026-03-20T07:43:53.794+0000] {logging_mixin.py:188} INFO - [2026-03-20T07:43:53.793+0000] {dag.py:3820} INFO - Setting next_dagrun for weather_etl_pipeline to 2026-03-20T07:00:00+00:00, run_after=2026-03-20T08:00:00+00:00
[2026-03-20T07:43:53.801+0000] {processor.py:183} INFO - Processing /opt/airflow/dags/weather_etl_dag.py took 0.064 seconds
[2026-03-20T07:44:24.164+0000] {processor.py:161} INFO - Started process (PID=297) to work on /opt/airflow/dags/weather_etl_dag.py
[2026-03-20T07:44:24.165+0000] {processor.py:830} INFO - Processing file /opt/airflow/dags/weather_etl_dag.py for tasks to queue
[2026-03-20T07:44:24.166+0000] {logging_mixin.py:188} INFO - [2026-03-20T07:44:24.166+0000] {dagbag.py:538} INFO - Filling up the DagBag from /opt/airflow/dags/weather_etl_dag.py
[2026-03-20T07:44:24.180+0000] {processor.py:840} INFO - DAG(s) 'weather_etl_pipeline' retrieved from /opt/airflow/dags/weather_etl_dag.py
[2026-03-20T07:44:24.196+0000] {logging_mixin.py:188} INFO - [2026-03-20T07:44:24.196+0000] {dag.py:3033} INFO - Sync 1 DAGs
[2026-03-20T07:44:24.207+0000] {logging_mixin.py:188} INFO - [2026-03-20T07:44:24.207+0000] {dag.py:3820} INFO - Setting next_dagrun for weather_etl_pipeline to 2026-03-20T07:00:00+00:00, run_after=2026-03-20T08:00:00+00:00
[2026-03-20T07:44:24.214+0000] {processor.py:183} INFO - Processing /opt/airflow/dags/weather_etl_dag.py took 0.053 seconds
[2026-03-20T07:44:54.477+0000] {processor.py:161} INFO - Started process (PID=302) to work on /opt/airflow/dags/weather_etl_dag.py
[2026-03-20T07:44:54.478+0000] {processor.py:830} INFO - Processing file /opt/airflow/dags/weather_etl_dag.py for tasks to queue
[2026-03-20T07:44:54.478+0000] {logging_mixin.py:188} INFO - [2026-03-20T07:44:54.478+0000] {dagbag.py:538} INFO - Filling up the DagBag from /opt/airflow/dags/weather_etl_dag.py
[2026-03-20T07:44:54.486+0000] {processor.py:840} INFO - DAG(s) 'weather_etl_pipeline' retrieved from /opt/airflow/dags/weather_etl_dag.py
[2026-03-20T07:44:54.497+0000] {logging_mixin.py:188} INFO - [2026-03-20T07:44:54.497+0000] {dag.py:3033} INFO - Sync 1 DAGs
[2026-03-20T07:44:54.506+0000] {logging_mixin.py:188} INFO - [2026-03-20T07:44:54.506+0000] {dag.py:3820} INFO - Setting next_dagrun for weather_etl_pipeline to 2026-03-20T07:00:00+00:00, run_after=2026-03-20T08:00:00+00:00
[2026-03-20T07:44:54.512+0000] {processor.py:183} INFO - Processing /opt/airflow/dags/weather_etl_dag.py took 0.037 seconds
[2026-03-20T07:45:24.789+0000] {processor.py:161} INFO - Started process (PID=307) to work on /opt/airflow/dags/weather_etl_dag.py
[2026-03-20T07:45:24.789+0000] {processor.py:830} INFO - Processing file /opt/airflow/dags/weather_etl_dag.py for tasks to queue
[2026-03-20T07:45:24.790+0000] {logging_mixin.py:188} INFO - [2026-03-20T07:45:24.790+0000] {dagbag.py:538} INFO - Filling up the DagBag from /opt/airflow/dags/weather_etl_dag.py
[2026-03-20T07:45:24.808+0000] {processor.py:840} INFO - DAG(s) 'weather_etl_pipeline' retrieved from /opt/airflow/dags/weather_etl_dag.py
[2026-03-20T07:45:24.827+0000] {logging_mixin.py:188} INFO - [2026-03-20T07:45:24.827+0000] {dag.py:3033} INFO - Sync 1 DAGs
[2026-03-20T07:45:24.840+0000] {logging_mixin.py:188} INFO - [2026-03-20T07:45:24.840+0000] {dag.py:3820} INFO - Setting next_dagrun for weather_etl_pipeline to 2026-03-20T07:00:00+00:00, run_after=2026-03-20T08:00:00+00:00
[2026-03-20T07:45:24.848+0000] {processor.py:183} INFO - Processing /opt/airflow/dags/weather_etl_dag.py took 0.062 seconds
[2026-03-20T07:45:55.089+0000] {processor.py:161} INFO - Started process (PID=312) to work on /opt/airflow/dags/weather_etl_dag.py
[2026-03-20T07:45:55.090+0000] {processor.py:830} INFO - Processing file /opt/airflow/dags/weather_etl_dag.py for tasks to queue
[2026-03-20T07:45:55.091+0000] {logging_mixin.py:188} INFO - [2026-03-20T07:45:55.091+0000] {dagbag.py:538} INFO - Filling up the DagBag from /opt/airflow/dags/weather_etl_dag.py
[2026-03-20T07:45:55.106+0000] {processor.py:840} INFO - DAG(s) 'weather_etl_pipeline' retrieved from /opt/airflow/dags/weather_etl_dag.py
[2026-03-20T07:45:55.123+0000] {logging_mixin.py:188} INFO - [2026-03-20T07:45:55.123+0000] {dag.py:3033} INFO - Sync 1 DAGs
[2026-03-20T07:45:55.135+0000] {logging_mixin.py:188} INFO - [2026-03-20T07:45:55.135+0000] {dag.py:3820} INFO - Setting next_dagrun for weather_etl_pipeline to 2026-03-20T07:00:00+00:00, run_after=2026-03-20T08:00:00+00:00
[2026-03-20T07:45:55.146+0000] {processor.py:183} INFO - Processing /opt/airflow/dags/weather_etl_dag.py took 0.060 seconds
[2026-03-20T07:46:25.430+0000] {processor.py:161} INFO - Started process (PID=317) to work on /opt/airflow/dags/weather_etl_dag.py
[2026-03-20T07:46:25.431+0000] {processor.py:830} INFO - Processing file /opt/airflow/dags/weather_etl_dag.py for tasks to queue
[2026-03-20T07:46:25.432+0000] {logging_mixin.py:188} INFO - [2026-03-20T07:46:25.432+0000] {dagbag.py:538} INFO - Filling up the DagBag from /opt/airflow/dags/weather_etl_dag.py
[2026-03-20T07:46:25.459+0000] {processor.py:840} INFO - DAG(s) 'weather_etl_pipeline' retrieved from /opt/airflow/dags/weather_etl_dag.py
[2026-03-20T07:46:25.487+0000] {logging_mixin.py:188} INFO - [2026-03-20T07:46:25.487+0000] {dag.py:3033} INFO - Sync 1 DAGs
[2026-03-20T07:46:25.503+0000] {logging_mixin.py:188} INFO - [2026-03-20T07:46:25.503+0000] {dag.py:3820} INFO - Setting next_dagrun for weather_etl_pipeline to 2026-03-20T07:00:00+00:00, run_after=2026-03-20T08:00:00+00:00
[2026-03-20T07:46:25.512+0000] {processor.py:183} INFO - Processing /opt/airflow/dags/weather_etl_dag.py took 0.087 seconds
[2026-03-20T07:46:55.742+0000] {processor.py:161} INFO - Started process (PID=322) to work on /opt/airflow/dags/weather_etl_dag.py
[2026-03-20T07:46:55.742+0000] {processor.py:830} INFO - Processing file /opt/airflow/dags/weather_etl_dag.py for tasks to queue
[2026-03-20T07:46:55.743+0000] {logging_mixin.py:188} INFO - [2026-03-20T07:46:55.743+0000] {dagbag.py:538} INFO - Filling up the DagBag from /opt/airflow/dags/weather_etl_dag.py
[2026-03-20T07:46:55.759+0000] {processor.py:840} INFO - DAG(s) 'weather_etl_pipeline' retrieved from /opt/airflow/dags/weather_etl_dag.py
[2026-03-20T07:46:55.779+0000] {logging_mixin.py:188} INFO - [2026-03-20T07:46:55.778+0000] {dag.py:3033} INFO - Sync 1 DAGs
[2026-03-20T07:46:55.793+0000] {logging_mixin.py:188} INFO - [2026-03-20T07:46:55.793+0000] {dag.py:3820} INFO - Setting next_dagrun for weather_etl_pipeline to 2026-03-20T07:00:00+00:00, run_after=2026-03-20T08:00:00+00:00
[2026-03-20T07:46:55.802+0000] {processor.py:183} INFO - Processing /opt/airflow/dags/weather_etl_dag.py took 0.063 seconds
[2026-03-20T07:47:26.115+0000] {processor.py:161} INFO - Started process (PID=327) to work on /opt/airflow/dags/weather_etl_dag.py
[2026-03-20T07:47:26.116+0000] {processor.py:830} INFO - Processing file /opt/airflow/dags/weather_etl_dag.py for tasks to queue
[2026-03-20T07:47:26.117+0000] {logging_mixin.py:188} INFO - [2026-03-20T07:47:26.116+0000] {dagbag.py:538} INFO - Filling up the DagBag from /opt/airflow/dags/weather_etl_dag.py
[2026-03-20T07:47:26.144+0000] {processor.py:840} INFO - DAG(s) 'weather_etl_pipeline' retrieved from /opt/airflow/dags/weather_etl_dag.py
[2026-03-20T07:47:26.172+0000] {logging_mixin.py:188} INFO - [2026-03-20T07:47:26.171+0000] {dag.py:3033} INFO - Sync 1 DAGs
[2026-03-20T07:47:26.188+0000] {logging_mixin.py:188} INFO - [2026-03-20T07:47:26.188+0000] {dag.py:3820} INFO - Setting next_dagrun for weather_etl_pipeline to 2026-03-20T07:00:00+00:00, run_after=2026-03-20T08:00:00+00:00
[2026-03-20T07:47:26.199+0000] {processor.py:183} INFO - Processing /opt/airflow/dags/weather_etl_dag.py took 0.088 seconds
[2026-03-20T07:47:56.430+0000] {processor.py:161} INFO - Started process (PID=332) to work on /opt/airflow/dags/weather_etl_dag.py
[2026-03-20T07:47:56.431+0000] {processor.py:830} INFO - Processing file /opt/airflow/dags/weather_etl_dag.py for tasks to queue
[2026-03-20T07:47:56.432+0000] {logging_mixin.py:188} INFO - [2026-03-20T07:47:56.432+0000] {dagbag.py:538} INFO - Filling up the DagBag from /opt/airflow/dags/weather_etl_dag.py
[2026-03-20T07:47:56.450+0000] {processor.py:840} INFO - DAG(s) 'weather_etl_pipeline' retrieved from /opt/airflow/dags/weather_etl_dag.py
[2026-03-20T07:47:56.468+0000] {logging_mixin.py:188} INFO - [2026-03-20T07:47:56.468+0000] {dag.py:3033} INFO - Sync 1 DAGs
[2026-03-20T07:47:56.479+0000] {logging_mixin.py:188} INFO - [2026-03-20T07:47:56.479+0000] {dag.py:3820} INFO - Setting next_dagrun for weather_etl_pipeline to 2026-03-20T07:00:00+00:00, run_after=2026-03-20T08:00:00+00:00
[2026-03-20T07:47:56.486+0000] {processor.py:183} INFO - Processing /opt/airflow/dags/weather_etl_dag.py took 0.061 seconds
[2026-03-20T07:48:26.754+0000] {processor.py:161} INFO - Started process (PID=337) to work on /opt/airflow/dags/weather_etl_dag.py
[2026-03-20T07:48:26.755+0000] {processor.py:830} INFO - Processing file /opt/airflow/dags/weather_etl_dag.py for tasks to queue
[2026-03-20T07:48:26.756+0000] {logging_mixin.py:188} INFO - [2026-03-20T07:48:26.755+0000] {dagbag.py:538} INFO - Filling up the DagBag from /opt/airflow/dags/weather_etl_dag.py
[2026-03-20T07:48:26.774+0000] {processor.py:840} INFO - DAG(s) 'weather_etl_pipeline' retrieved from /opt/airflow/dags/weather_etl_dag.py
[2026-03-20T07:48:26.795+0000] {logging_mixin.py:188} INFO - [2026-03-20T07:48:26.795+0000] {dag.py:3033} INFO - Sync 1 DAGs
[2026-03-20T07:48:26.806+0000] {logging_mixin.py:188} INFO - [2026-03-20T07:48:26.806+0000] {dag.py:3820} INFO - Setting next_dagrun for weather_etl_pipeline to 2026-03-20T07:00:00+00:00, run_after=2026-03-20T08:00:00+00:00
[2026-03-20T07:48:26.814+0000] {processor.py:183} INFO - Processing /opt/airflow/dags/weather_etl_dag.py took 0.064 seconds
[2026-03-20T07:48:57.038+0000] {processor.py:161} INFO - Started process (PID=342) to work on /opt/airflow/dags/weather_etl_dag.py
[2026-03-20T07:48:57.039+0000] {processor.py:830} INFO - Processing file /opt/airflow/dags/weather_etl_dag.py for tasks to queue
[2026-03-20T07:48:57.040+0000] {logging_mixin.py:188} INFO - [2026-03-20T07:48:57.040+0000] {dagbag.py:538} INFO - Filling up the DagBag from /opt/airflow/dags/weather_etl_dag.py
[2026-03-20T07:48:57.053+0000] {processor.py:840} INFO - DAG(s) 'weather_etl_pipeline' retrieved from /opt/airflow/dags/weather_etl_dag.py
[2026-03-20T07:48:57.069+0000] {logging_mixin.py:188} INFO - [2026-03-20T07:48:57.069+0000] {dag.py:3033} INFO - Sync 1 DAGs
[2026-03-20T07:48:57.080+0000] {logging_mixin.py:188} INFO - [2026-03-20T07:48:57.080+0000] {dag.py:3820} INFO - Setting next_dagrun for weather_etl_pipeline to 2026-03-20T07:00:00+00:00, run_after=2026-03-20T08:00:00+00:00
[2026-03-20T07:48:57.088+0000] {processor.py:183} INFO - Processing /opt/airflow/dags/weather_etl_dag.py took 0.053 seconds
[2026-03-20T07:49:27.340+0000] {processor.py:161} INFO - Started process (PID=347) to work on /opt/airflow/dags/weather_etl_dag.py
[2026-03-20T07:49:27.340+0000] {processor.py:830} INFO - Processing file /opt/airflow/dags/weather_etl_dag.py for tasks to queue
[2026-03-20T07:49:27.342+0000] {logging_mixin.py:188} INFO - [2026-03-20T07:49:27.341+0000] {dagbag.py:538} INFO - Filling up the DagBag from /opt/airflow/dags/weather_etl_dag.py
[2026-03-20T07:49:27.364+0000] {processor.py:840} INFO - DAG(s) 'weather_etl_pipeline' retrieved from /opt/airflow/dags/weather_etl_dag.py
[2026-03-20T07:49:27.389+0000] {logging_mixin.py:188} INFO - [2026-03-20T07:49:27.389+0000] {dag.py:3033} INFO - Sync 1 DAGs
[2026-03-20T07:49:27.403+0000] {logging_mixin.py:188} INFO - [2026-03-20T07:49:27.403+0000] {dag.py:3820} INFO - Setting next_dagrun for weather_etl_pipeline to 2026-03-20T07:00:00+00:00, run_after=2026-03-20T08:00:00+00:00
[2026-03-20T07:49:27.411+0000] {processor.py:183} INFO - Processing /opt/airflow/dags/weather_etl_dag.py took 0.076 seconds
[2026-03-20T07:49:57.627+0000] {processor.py:161} INFO - Started process (PID=352) to work on /opt/airflow/dags/weather_etl_dag.py
[2026-03-20T07:49:57.628+0000] {processor.py:830} INFO - Processing file /opt/airflow/dags/weather_etl_dag.py for tasks to queue
[2026-03-20T07:49:57.629+0000] {logging_mixin.py:188} INFO - [2026-03-20T07:49:57.628+0000] {dagbag.py:538} INFO - Filling up the DagBag from /opt/airflow/dags/weather_etl_dag.py
[2026-03-20T07:49:57.644+0000] {processor.py:840} INFO - DAG(s) 'weather_etl_pipeline' retrieved from /opt/airflow/dags/weather_etl_dag.py
[2026-03-20T07:49:57.661+0000] {logging_mixin.py:188} INFO - [2026-03-20T07:49:57.661+0000] {dag.py:3033} INFO - Sync 1 DAGs
[2026-03-20T07:49:57.674+0000] {logging_mixin.py:188} INFO - [2026-03-20T07:49:57.673+0000] {dag.py:3820} INFO - Setting next_dagrun for weather_etl_pipeline to 2026-03-20T07:00:00+00:00, run_after=2026-03-20T08:00:00+00:00
[2026-03-20T07:49:57.681+0000] {processor.py:183} INFO - Processing /opt/airflow/dags/weather_etl_dag.py took 0.057 seconds
[2026-03-20T07:50:27.920+0000] {processor.py:161} INFO - Started process (PID=357) to work on /opt/airflow/dags/weather_etl_dag.py
[2026-03-20T07:50:27.921+0000] {processor.py:830} INFO - Processing file /opt/airflow/dags/weather_etl_dag.py for tasks to queue
[2026-03-20T07:50:27.922+0000] {logging_mixin.py:188} INFO - [2026-03-20T07:50:27.921+0000] {dagbag.py:538} INFO - Filling up the DagBag from /opt/airflow/dags/weather_etl_dag.py
[2026-03-20T07:50:27.941+0000] {processor.py:840} INFO - DAG(s) 'weather_etl_pipeline' retrieved from /opt/airflow/dags/weather_etl_dag.py
[2026-03-20T07:50:27.962+0000] {logging_mixin.py:188} INFO - [2026-03-20T07:50:27.962+0000] {dag.py:3033} INFO - Sync 1 DAGs
[2026-03-20T07:50:27.975+0000] {logging_mixin.py:188} INFO - [2026-03-20T07:50:27.975+0000] {dag.py:3820} INFO - Setting next_dagrun for weather_etl_pipeline to 2026-03-20T07:00:00+00:00, run_after=2026-03-20T08:00:00+00:00
[2026-03-20T07:50:27.983+0000] {processor.py:183} INFO - Processing /opt/airflow/dags/weather_etl_dag.py took 0.066 seconds
[2026-03-20T07:50:58.189+0000] {processor.py:161} INFO - Started process (PID=362) to work on /opt/airflow/dags/weather_etl_dag.py
[2026-03-20T07:50:58.189+0000] {processor.py:830} INFO - Processing file /opt/airflow/dags/weather_etl_dag.py for tasks to queue
[2026-03-20T07:50:58.190+0000] {logging_mixin.py:188} INFO - [2026-03-20T07:50:58.190+0000] {dagbag.py:538} INFO - Filling up the DagBag from /opt/airflow/dags/weather_etl_dag.py
[2026-03-20T07:50:58.198+0000] {processor.py:840} INFO - DAG(s) 'weather_etl_pipeline' retrieved from /opt/airflow/dags/weather_etl_dag.py
[2026-03-20T07:50:58.213+0000] {logging_mixin.py:188} INFO - [2026-03-20T07:50:58.213+0000] {dag.py:3033} INFO - Sync 1 DAGs
[2026-03-20T07:50:58.224+0000] {logging_mixin.py:188} INFO - [2026-03-20T07:50:58.224+0000] {dag.py:3820} INFO - Setting next_dagrun for weather_etl_pipeline to 2026-03-20T07:00:00+00:00, run_after=2026-03-20T08:00:00+00:00
[2026-03-20T07:50:58.234+0000] {processor.py:183} INFO - Processing /opt/airflow/dags/weather_etl_dag.py took 0.047 seconds
[2026-03-20T07:51:28.456+0000] {processor.py:161} INFO - Started process (PID=367) to work on /opt/airflow/dags/weather_etl_dag.py
[2026-03-20T07:51:28.457+0000] {processor.py:830} INFO - Processing file /opt/airflow/dags/weather_etl_dag.py for tasks to queue
[2026-03-20T07:51:28.457+0000] {logging_mixin.py:188} INFO - [2026-03-20T07:51:28.457+0000] {dagbag.py:538} INFO - Filling up the DagBag from /opt/airflow/dags/weather_etl_dag.py
[2026-03-20T07:51:28.472+0000] {processor.py:840} INFO - DAG(s) 'weather_etl_pipeline' retrieved from /opt/airflow/dags/weather_etl_dag.py
[2026-03-20T07:51:28.486+0000] {logging_mixin.py:188} INFO - [2026-03-20T07:51:28.486+0000] {dag.py:3033} INFO - Sync 1 DAGs
[2026-03-20T07:51:28.497+0000] {logging_mixin.py:188} INFO - [2026-03-20T07:51:28.497+0000] {dag.py:3820} INFO - Setting next_dagrun for weather_etl_pipeline to 2026-03-20T07:00:00+00:00, run_after=2026-03-20T08:00:00+00:00
[2026-03-20T07:51:28.504+0000] {processor.py:183} INFO - Processing /opt/airflow/dags/weather_etl_dag.py took 0.051 seconds
[2026-03-20T07:51:58.706+0000] {processor.py:161} INFO - Started process (PID=372) to work on /opt/airflow/dags/weather_etl_dag.py
[2026-03-20T07:51:58.707+0000] {processor.py:830} INFO - Processing file /opt/airflow/dags/weather_etl_dag.py for tasks to queue
[2026-03-20T07:51:58.708+0000] {logging_mixin.py:188} INFO - [2026-03-20T07:51:58.707+0000] {dagbag.py:538} INFO - Filling up the DagBag from /opt/airflow/dags/weather_etl_dag.py
[2026-03-20T07:51:58.725+0000] {processor.py:840} INFO - DAG(s) 'weather_etl_pipeline' retrieved from /opt/airflow/dags/weather_etl_dag.py
[2026-03-20T07:51:58.742+0000] {logging_mixin.py:188} INFO - [2026-03-20T07:51:58.742+0000] {dag.py:3033} INFO - Sync 1 DAGs
[2026-03-20T07:51:58.757+0000] {logging_mixin.py:188} INFO - [2026-03-20T07:51:58.757+0000] {dag.py:3820} INFO - Setting next_dagrun for weather_etl_pipeline to 2026-03-20T07:00:00+00:00, run_after=2026-03-20T08:00:00+00:00
[2026-03-20T07:51:58.765+0000] {processor.py:183} INFO - Processing /opt/airflow/dags/weather_etl_dag.py took 0.062 seconds
[2026-03-20T07:52:28.977+0000] {processor.py:161} INFO - Started process (PID=377) to work on /opt/airflow/dags/weather_etl_dag.py
[2026-03-20T07:52:28.977+0000] {processor.py:830} INFO - Processing file /opt/airflow/dags/weather_etl_dag.py for tasks to queue
[2026-03-20T07:52:28.978+0000] {logging_mixin.py:188} INFO - [2026-03-20T07:52:28.978+0000] {dagbag.py:538} INFO - Filling up the DagBag from /opt/airflow/dags/weather_etl_dag.py
[2026-03-20T07:52:28.987+0000] {processor.py:840} INFO - DAG(s) 'weather_etl_pipeline' retrieved from /opt/airflow/dags/weather_etl_dag.py
[2026-03-20T07:52:29.001+0000] {logging_mixin.py:188} INFO - [2026-03-20T07:52:29.001+0000] {dag.py:3033} INFO - Sync 1 DAGs
[2026-03-20T07:52:29.011+0000] {logging_mixin.py:188} INFO - [2026-03-20T07:52:29.011+0000] {dag.py:3820} INFO - Setting next_dagrun for weather_etl_pipeline to 2026-03-20T07:00:00+00:00, run_after=2026-03-20T08:00:00+00:00
[2026-03-20T07:52:29.018+0000] {processor.py:183} INFO - Processing /opt/airflow/dags/weather_etl_dag.py took 0.043 seconds
[2026-03-20T07:52:59.253+0000] {processor.py:161} INFO - Started process (PID=382) to work on /opt/airflow/dags/weather_etl_dag.py
[2026-03-20T07:52:59.254+0000] {processor.py:830} INFO - Processing file /opt/airflow/dags/weather_etl_dag.py for tasks to queue
[2026-03-20T07:52:59.254+0000] {logging_mixin.py:188} INFO - [2026-03-20T07:52:59.254+0000] {dagbag.py:538} INFO - Filling up the DagBag from /opt/airflow/dags/weather_etl_dag.py
[2026-03-20T07:52:59.271+0000] {processor.py:840} INFO - DAG(s) 'weather_etl_pipeline' retrieved from /opt/airflow/dags/weather_etl_dag.py
[2026-03-20T07:52:59.292+0000] {logging_mixin.py:188} INFO - [2026-03-20T07:52:59.291+0000] {dag.py:3033} INFO - Sync 1 DAGs
[2026-03-20T07:52:59.306+0000] {logging_mixin.py:188} INFO - [2026-03-20T07:52:59.306+0000] {dag.py:3820} INFO - Setting next_dagrun for weather_etl_pipeline to 2026-03-20T07:00:00+00:00, run_after=2026-03-20T08:00:00+00:00
[2026-03-20T07:52:59.316+0000] {processor.py:183} INFO - Processing /opt/airflow/dags/weather_etl_dag.py took 0.066 seconds
[2026-03-20T07:53:36.415+0000] {processor.py:161} INFO - Started process (PID=171) to work on /opt/airflow/dags/weather_etl_dag.py
[2026-03-20T07:53:36.417+0000] {processor.py:830} INFO - Processing file /opt/airflow/dags/weather_etl_dag.py for tasks to queue
[2026-03-20T07:53:36.417+0000] {logging_mixin.py:188} INFO - [2026-03-20T07:53:36.417+0000] {dagbag.py:538} INFO - Filling up the DagBag from /opt/airflow/dags/weather_etl_dag.py
[2026-03-20T07:53:36.440+0000] {processor.py:840} INFO - DAG(s) 'weather_etl_pipeline' retrieved from /opt/airflow/dags/weather_etl_dag.py
[2026-03-20T07:53:36.453+0000] {logging_mixin.py:188} INFO - [2026-03-20T07:53:36.453+0000] {dag.py:3033} INFO - Sync 1 DAGs
[2026-03-20T07:53:36.466+0000] {logging_mixin.py:188} INFO - [2026-03-20T07:53:36.466+0000] {dag.py:3820} INFO - Setting next_dagrun for weather_etl_pipeline to 2026-03-20T07:00:00+00:00, run_after=2026-03-20T08:00:00+00:00
[2026-03-20T07:53:36.578+0000] {processor.py:183} INFO - Processing /opt/airflow/dags/weather_etl_dag.py took 0.166 seconds
[2026-03-20T07:54:06.715+0000] {processor.py:161} INFO - Started process (PID=178) to work on /opt/airflow/dags/weather_etl_dag.py
[2026-03-20T07:54:06.716+0000] {processor.py:830} INFO - Processing file /opt/airflow/dags/weather_etl_dag.py for tasks to queue
[2026-03-20T07:54:06.716+0000] {logging_mixin.py:188} INFO - [2026-03-20T07:54:06.716+0000] {dagbag.py:538} INFO - Filling up the DagBag from /opt/airflow/dags/weather_etl_dag.py
[2026-03-20T07:54:06.727+0000] {processor.py:840} INFO - DAG(s) 'weather_etl_pipeline' retrieved from /opt/airflow/dags/weather_etl_dag.py
[2026-03-20T07:54:06.891+0000] {logging_mixin.py:188} INFO - [2026-03-20T07:54:06.891+0000] {dag.py:3033} INFO - Sync 1 DAGs
[2026-03-20T07:54:06.898+0000] {logging_mixin.py:188} INFO - [2026-03-20T07:54:06.898+0000] {dag.py:3820} INFO - Setting next_dagrun for weather_etl_pipeline to 2026-03-20T07:00:00+00:00, run_after=2026-03-20T08:00:00+00:00
[2026-03-20T07:54:06.904+0000] {processor.py:183} INFO - Processing /opt/airflow/dags/weather_etl_dag.py took 0.192 seconds
[2026-03-20T07:54:37.078+0000] {processor.py:161} INFO - Started process (PID=183) to work on /opt/airflow/dags/weather_etl_dag.py
[2026-03-20T07:54:37.079+0000] {processor.py:830} INFO - Processing file /opt/airflow/dags/weather_etl_dag.py for tasks to queue
[2026-03-20T07:54:37.080+0000] {logging_mixin.py:188} INFO - [2026-03-20T07:54:37.080+0000] {dagbag.py:538} INFO - Filling up the DagBag from /opt/airflow/dags/weather_etl_dag.py
[2026-03-20T07:54:37.104+0000] {processor.py:840} INFO - DAG(s) 'weather_etl_pipeline' retrieved from /opt/airflow/dags/weather_etl_dag.py
[2026-03-20T07:54:37.288+0000] {logging_mixin.py:188} INFO - [2026-03-20T07:54:37.287+0000] {dag.py:3033} INFO - Sync 1 DAGs
[2026-03-20T07:54:37.297+0000] {logging_mixin.py:188} INFO - [2026-03-20T07:54:37.297+0000] {dag.py:3820} INFO - Setting next_dagrun for weather_etl_pipeline to 2026-03-20T07:00:00+00:00, run_after=2026-03-20T08:00:00+00:00
[2026-03-20T07:54:37.304+0000] {processor.py:183} INFO - Processing /opt/airflow/dags/weather_etl_dag.py took 0.232 seconds
[2026-03-20T07:55:07.501+0000] {processor.py:161} INFO - Started process (PID=188) to work on /opt/airflow/dags/weather_etl_dag.py
[2026-03-20T07:55:07.502+0000] {processor.py:830} INFO - Processing file /opt/airflow/dags/weather_etl_dag.py for tasks to queue
[2026-03-20T07:55:07.503+0000] {logging_mixin.py:188} INFO - [2026-03-20T07:55:07.503+0000] {dagbag.py:538} INFO - Filling up the DagBag from /opt/airflow/dags/weather_etl_dag.py
[2026-03-20T07:55:07.602+0000] {processor.py:840} INFO - DAG(s) 'weather_etl_pipeline' retrieved from /opt/airflow/dags/weather_etl_dag.py
[2026-03-20T07:55:07.611+0000] {logging_mixin.py:188} INFO - [2026-03-20T07:55:07.611+0000] {dag.py:3033} INFO - Sync 1 DAGs
[2026-03-20T07:55:07.619+0000] {logging_mixin.py:188} INFO - [2026-03-20T07:55:07.619+0000] {dag.py:3820} INFO - Setting next_dagrun for weather_etl_pipeline to 2026-03-20T07:00:00+00:00, run_after=2026-03-20T08:00:00+00:00
[2026-03-20T07:55:07.625+0000] {processor.py:183} INFO - Processing /opt/airflow/dags/weather_etl_dag.py took 0.128 seconds
[2026-03-20T07:56:01.130+0000] {processor.py:161} INFO - Started process (PID=171) to work on /opt/airflow/dags/weather_etl_dag.py
[2026-03-20T07:56:01.131+0000] {processor.py:830} INFO - Processing file /opt/airflow/dags/weather_etl_dag.py for tasks to queue
[2026-03-20T07:56:01.132+0000] {logging_mixin.py:188} INFO - [2026-03-20T07:56:01.132+0000] {dagbag.py:538} INFO - Filling up the DagBag from /opt/airflow/dags/weather_etl_dag.py
[2026-03-20T07:56:01.157+0000] {processor.py:840} INFO - DAG(s) 'weather_etl_pipeline' retrieved from /opt/airflow/dags/weather_etl_dag.py
[2026-03-20T07:56:01.169+0000] {logging_mixin.py:188} INFO - [2026-03-20T07:56:01.169+0000] {dag.py:3033} INFO - Sync 1 DAGs
[2026-03-20T07:56:01.181+0000] {logging_mixin.py:188} INFO - [2026-03-20T07:56:01.181+0000] {dag.py:3820} INFO - Setting next_dagrun for weather_etl_pipeline to 2026-03-20T07:00:00+00:00, run_after=2026-03-20T08:00:00+00:00
[2026-03-20T07:56:01.279+0000] {processor.py:183} INFO - Processing /opt/airflow/dags/weather_etl_dag.py took 0.152 seconds
[2026-03-20T07:56:31.440+0000] {processor.py:161} INFO - Started process (PID=178) to work on /opt/airflow/dags/weather_etl_dag.py
[2026-03-20T07:56:31.441+0000] {processor.py:830} INFO - Processing file /opt/airflow/dags/weather_etl_dag.py for tasks to queue
[2026-03-20T07:56:31.441+0000] {logging_mixin.py:188} INFO - [2026-03-20T07:56:31.441+0000] {dagbag.py:538} INFO - Filling up the DagBag from /opt/airflow/dags/weather_etl_dag.py
[2026-03-20T07:56:31.458+0000] {processor.py:840} INFO - DAG(s) 'weather_etl_pipeline' retrieved from /opt/airflow/dags/weather_etl_dag.py
[2026-03-20T07:56:31.706+0000] {logging_mixin.py:188} INFO - [2026-03-20T07:56:31.706+0000] {dag.py:3033} INFO - Sync 1 DAGs
[2026-03-20T07:56:31.713+0000] {logging_mixin.py:188} INFO - [2026-03-20T07:56:31.713+0000] {dag.py:3820} INFO - Setting next_dagrun for weather_etl_pipeline to 2026-03-20T07:00:00+00:00, run_after=2026-03-20T08:00:00+00:00
[2026-03-20T07:56:31.719+0000] {processor.py:183} INFO - Processing /opt/airflow/dags/weather_etl_dag.py took 0.283 seconds
[2026-03-20T07:57:01.802+0000] {processor.py:161} INFO - Started process (PID=183) to work on /opt/airflow/dags/weather_etl_dag.py
[2026-03-20T07:57:01.803+0000] {processor.py:830} INFO - Processing file /opt/airflow/dags/weather_etl_dag.py for tasks to queue
[2026-03-20T07:57:01.804+0000] {logging_mixin.py:188} INFO - [2026-03-20T07:57:01.803+0000] {dagbag.py:538} INFO - Filling up the DagBag from /opt/airflow/dags/weather_etl_dag.py
[2026-03-20T07:57:01.816+0000] {processor.py:840} INFO - DAG(s) 'weather_etl_pipeline' retrieved from /opt/airflow/dags/weather_etl_dag.py
[2026-03-20T07:57:01.917+0000] {logging_mixin.py:188} INFO - [2026-03-20T07:57:01.917+0000] {dag.py:3033} INFO - Sync 1 DAGs
[2026-03-20T07:57:01.925+0000] {logging_mixin.py:188} INFO - [2026-03-20T07:57:01.925+0000] {dag.py:3820} INFO - Setting next_dagrun for weather_etl_pipeline to 2026-03-20T07:00:00+00:00, run_after=2026-03-20T08:00:00+00:00
[2026-03-20T07:57:01.931+0000] {processor.py:183} INFO - Processing /opt/airflow/dags/weather_etl_dag.py took 0.131 seconds
[2026-03-20T07:57:32.061+0000] {processor.py:161} INFO - Started process (PID=188) to work on /opt/airflow/dags/weather_etl_dag.py
[2026-03-20T07:57:32.062+0000] {processor.py:830} INFO - Processing file /opt/airflow/dags/weather_etl_dag.py for tasks to queue
[2026-03-20T07:57:32.062+0000] {logging_mixin.py:188} INFO - [2026-03-20T07:57:32.062+0000] {dagbag.py:538} INFO - Filling up the DagBag from /opt/airflow/dags/weather_etl_dag.py
[2026-03-20T07:57:32.163+0000] {processor.py:840} INFO - DAG(s) 'weather_etl_pipeline' retrieved from /opt/airflow/dags/weather_etl_dag.py
[2026-03-20T07:57:32.173+0000] {logging_mixin.py:188} INFO - [2026-03-20T07:57:32.173+0000] {dag.py:3033} INFO - Sync 1 DAGs
[2026-03-20T07:57:32.180+0000] {logging_mixin.py:188} INFO - [2026-03-20T07:57:32.180+0000] {dag.py:3820} INFO - Setting next_dagrun for weather_etl_pipeline to 2026-03-20T07:00:00+00:00, run_after=2026-03-20T08:00:00+00:00
[2026-03-20T07:57:32.187+0000] {processor.py:183} INFO - Processing /opt/airflow/dags/weather_etl_dag.py took 0.129 seconds
[2026-03-20T07:58:02.426+0000] {processor.py:161} INFO - Started process (PID=193) to work on /opt/airflow/dags/weather_etl_dag.py
[2026-03-20T07:58:02.426+0000] {processor.py:830} INFO - Processing file /opt/airflow/dags/weather_etl_dag.py for tasks to queue
[2026-03-20T07:58:02.427+0000] {logging_mixin.py:188} INFO - [2026-03-20T07:58:02.427+0000] {dagbag.py:538} INFO - Filling up the DagBag from /opt/airflow/dags/weather_etl_dag.py
[2026-03-20T07:58:02.444+0000] {processor.py:840} INFO - DAG(s) 'weather_etl_pipeline' retrieved from /opt/airflow/dags/weather_etl_dag.py
[2026-03-20T07:58:02.460+0000] {logging_mixin.py:188} INFO - [2026-03-20T07:58:02.460+0000] {dag.py:3033} INFO - Sync 1 DAGs
[2026-03-20T07:58:02.472+0000] {logging_mixin.py:188} INFO - [2026-03-20T07:58:02.471+0000] {dag.py:3820} INFO - Setting next_dagrun for weather_etl_pipeline to 2026-03-20T07:00:00+00:00, run_after=2026-03-20T08:00:00+00:00
[2026-03-20T07:58:02.480+0000] {processor.py:183} INFO - Processing /opt/airflow/dags/weather_etl_dag.py took 0.058 seconds
[2026-03-20T07:58:32.729+0000] {processor.py:161} INFO - Started process (PID=198) to work on /opt/airflow/dags/weather_etl_dag.py
[2026-03-20T07:58:32.729+0000] {processor.py:830} INFO - Processing file /opt/airflow/dags/weather_etl_dag.py for tasks to queue
[2026-03-20T07:58:32.730+0000] {logging_mixin.py:188} INFO - [2026-03-20T07:58:32.730+0000] {dagbag.py:538} INFO - Filling up the DagBag from /opt/airflow/dags/weather_etl_dag.py
[2026-03-20T07:58:32.741+0000] {processor.py:840} INFO - DAG(s) 'weather_etl_pipeline' retrieved from /opt/airflow/dags/weather_etl_dag.py
[2026-03-20T07:58:32.756+0000] {logging_mixin.py:188} INFO - [2026-03-20T07:58:32.755+0000] {dag.py:3033} INFO - Sync 1 DAGs
[2026-03-20T07:58:32.767+0000] {logging_mixin.py:188} INFO - [2026-03-20T07:58:32.767+0000] {dag.py:3820} INFO - Setting next_dagrun for weather_etl_pipeline to 2026-03-20T07:00:00+00:00, run_after=2026-03-20T08:00:00+00:00
[2026-03-20T07:58:32.775+0000] {processor.py:183} INFO - Processing /opt/airflow/dags/weather_etl_dag.py took 0.049 seconds
[2026-03-20T07:59:03.016+0000] {processor.py:161} INFO - Started process (PID=203) to work on /opt/airflow/dags/weather_etl_dag.py
[2026-03-20T07:59:03.016+0000] {processor.py:830} INFO - Processing file /opt/airflow/dags/weather_etl_dag.py for tasks to queue
[2026-03-20T07:59:03.017+0000] {logging_mixin.py:188} INFO - [2026-03-20T07:59:03.017+0000] {dagbag.py:538} INFO - Filling up the DagBag from /opt/airflow/dags/weather_etl_dag.py
[2026-03-20T07:59:03.029+0000] {processor.py:840} INFO - DAG(s) 'weather_etl_pipeline' retrieved from /opt/airflow/dags/weather_etl_dag.py
[2026-03-20T07:59:03.042+0000] {logging_mixin.py:188} INFO - [2026-03-20T07:59:03.042+0000] {dag.py:3033} INFO - Sync 1 DAGs
[2026-03-20T07:59:03.054+0000] {logging_mixin.py:188} INFO - [2026-03-20T07:59:03.054+0000] {dag.py:3820} INFO - Setting next_dagrun for weather_etl_pipeline to 2026-03-20T07:00:00+00:00, run_after=2026-03-20T08:00:00+00:00
[2026-03-20T07:59:03.061+0000] {processor.py:183} INFO - Processing /opt/airflow/dags/weather_etl_dag.py took 0.048 seconds
[2026-03-20T07:59:33.313+0000] {processor.py:161} INFO - Started process (PID=208) to work on /opt/airflow/dags/weather_etl_dag.py
[2026-03-20T07:59:33.314+0000] {processor.py:830} INFO - Processing file /opt/airflow/dags/weather_etl_dag.py for tasks to queue
[2026-03-20T07:59:33.315+0000] {logging_mixin.py:188} INFO - [2026-03-20T07:59:33.315+0000] {dagbag.py:538} INFO - Filling up the DagBag from /opt/airflow/dags/weather_etl_dag.py
[2026-03-20T07:59:33.330+0000] {processor.py:840} INFO - DAG(s) 'weather_etl_pipeline' retrieved from /opt/airflow/dags/weather_etl_dag.py
[2026-03-20T07:59:33.344+0000] {logging_mixin.py:188} INFO - [2026-03-20T07:59:33.344+0000] {dag.py:3033} INFO - Sync 1 DAGs
[2026-03-20T07:59:33.354+0000] {logging_mixin.py:188} INFO - [2026-03-20T07:59:33.354+0000] {dag.py:3820} INFO - Setting next_dagrun for weather_etl_pipeline to 2026-03-20T07:00:00+00:00, run_after=2026-03-20T08:00:00+00:00
[2026-03-20T07:59:33.361+0000] {processor.py:183} INFO - Processing /opt/airflow/dags/weather_etl_dag.py took 0.051 seconds
[2026-03-20T08:00:03.638+0000] {processor.py:161} INFO - Started process (PID=215) to work on /opt/airflow/dags/weather_etl_dag.py
[2026-03-20T08:00:03.638+0000] {processor.py:830} INFO - Processing file /opt/airflow/dags/weather_etl_dag.py for tasks to queue
[2026-03-20T08:00:03.640+0000] {logging_mixin.py:188} INFO - [2026-03-20T08:00:03.639+0000] {dagbag.py:538} INFO - Filling up the DagBag from /opt/airflow/dags/weather_etl_dag.py
[2026-03-20T08:00:03.654+0000] {processor.py:840} INFO - DAG(s) 'weather_etl_pipeline' retrieved from /opt/airflow/dags/weather_etl_dag.py
[2026-03-20T08:00:03.671+0000] {logging_mixin.py:188} INFO - [2026-03-20T08:00:03.671+0000] {dag.py:3033} INFO - Sync 1 DAGs
[2026-03-20T08:00:03.682+0000] {logging_mixin.py:188} INFO - [2026-03-20T08:00:03.682+0000] {dag.py:3820} INFO - Setting next_dagrun for weather_etl_pipeline to 2026-03-20T08:00:00+00:00, run_after=2026-03-20T09:00:00+00:00
[2026-03-20T08:00:03.690+0000] {processor.py:183} INFO - Processing /opt/airflow/dags/weather_etl_dag.py took 0.055 seconds
[2026-03-20T08:00:48.643+0000] {processor.py:161} INFO - Started process (PID=171) to work on /opt/airflow/dags/weather_etl_dag.py
[2026-03-20T08:00:48.647+0000] {processor.py:830} INFO - Processing file /opt/airflow/dags/weather_etl_dag.py for tasks to queue
[2026-03-20T08:00:48.648+0000] {logging_mixin.py:188} INFO - [2026-03-20T08:00:48.648+0000] {dagbag.py:538} INFO - Filling up the DagBag from /opt/airflow/dags/weather_etl_dag.py
[2026-03-20T08:00:48.687+0000] {processor.py:840} INFO - DAG(s) 'weather_etl_pipeline' retrieved from /opt/airflow/dags/weather_etl_dag.py
[2026-03-20T08:00:48.698+0000] {logging_mixin.py:188} INFO - [2026-03-20T08:00:48.698+0000] {dag.py:3033} INFO - Sync 1 DAGs
[2026-03-20T08:00:48.708+0000] {logging_mixin.py:188} INFO - [2026-03-20T08:00:48.708+0000] {dag.py:3820} INFO - Setting next_dagrun for weather_etl_pipeline to 2026-03-20T08:00:00+00:00, run_after=2026-03-20T09:00:00+00:00
[2026-03-20T08:00:48.797+0000] {processor.py:183} INFO - Processing /opt/airflow/dags/weather_etl_dag.py took 0.156 seconds
[2026-03-20T08:01:18.951+0000] {processor.py:161} INFO - Started process (PID=176) to work on /opt/airflow/dags/weather_etl_dag.py
[2026-03-20T08:01:18.952+0000] {processor.py:830} INFO - Processing file /opt/airflow/dags/weather_etl_dag.py for tasks to queue
[2026-03-20T08:01:18.953+0000] {logging_mixin.py:188} INFO - [2026-03-20T08:01:18.952+0000] {dagbag.py:538} INFO - Filling up the DagBag from /opt/airflow/dags/weather_etl_dag.py
[2026-03-20T08:01:18.967+0000] {processor.py:840} INFO - DAG(s) 'weather_etl_pipeline' retrieved from /opt/airflow/dags/weather_etl_dag.py
[2026-03-20T08:01:19.149+0000] {logging_mixin.py:188} INFO - [2026-03-20T08:01:19.148+0000] {dag.py:3033} INFO - Sync 1 DAGs
[2026-03-20T08:01:19.155+0000] {logging_mixin.py:188} INFO - [2026-03-20T08:01:19.155+0000] {dag.py:3820} INFO - Setting next_dagrun for weather_etl_pipeline to 2026-03-20T08:00:00+00:00, run_after=2026-03-20T09:00:00+00:00
[2026-03-20T08:01:19.161+0000] {processor.py:183} INFO - Processing /opt/airflow/dags/weather_etl_dag.py took 0.214 seconds
[2026-03-20T08:01:49.306+0000] {processor.py:161} INFO - Started process (PID=181) to work on /opt/airflow/dags/weather_etl_dag.py
[2026-03-20T08:01:49.307+0000] {processor.py:830} INFO - Processing file /opt/airflow/dags/weather_etl_dag.py for tasks to queue
[2026-03-20T08:01:49.307+0000] {logging_mixin.py:188} INFO - [2026-03-20T08:01:49.307+0000] {dagbag.py:538} INFO - Filling up the DagBag from /opt/airflow/dags/weather_etl_dag.py
[2026-03-20T08:01:49.326+0000] {processor.py:840} INFO - DAG(s) 'weather_etl_pipeline' retrieved from /opt/airflow/dags/weather_etl_dag.py
[2026-03-20T08:01:49.481+0000] {logging_mixin.py:188} INFO - [2026-03-20T08:01:49.481+0000] {dag.py:3033} INFO - Sync 1 DAGs
[2026-03-20T08:01:49.490+0000] {logging_mixin.py:188} INFO - [2026-03-20T08:01:49.490+0000] {dag.py:3820} INFO - Setting next_dagrun for weather_etl_pipeline to 2026-03-20T08:00:00+00:00, run_after=2026-03-20T09:00:00+00:00
[2026-03-20T08:01:49.496+0000] {processor.py:183} INFO - Processing /opt/airflow/dags/weather_etl_dag.py took 0.194 seconds
[2026-03-20T08:02:19.745+0000] {processor.py:161} INFO - Started process (PID=186) to work on /opt/airflow/dags/weather_etl_dag.py
[2026-03-20T08:02:19.746+0000] {processor.py:830} INFO - Processing file /opt/airflow/dags/weather_etl_dag.py for tasks to queue
[2026-03-20T08:02:19.748+0000] {logging_mixin.py:188} INFO - [2026-03-20T08:02:19.747+0000] {dagbag.py:538} INFO - Filling up the DagBag from /opt/airflow/dags/weather_etl_dag.py
[2026-03-20T08:02:19.871+0000] {processor.py:840} INFO - DAG(s) 'weather_etl_pipeline' retrieved from /opt/airflow/dags/weather_etl_dag.py
[2026-03-20T08:02:19.881+0000] {logging_mixin.py:188} INFO - [2026-03-20T08:02:19.881+0000] {dag.py:3033} INFO - Sync 1 DAGs
[2026-03-20T08:02:19.891+0000] {logging_mixin.py:188} INFO - [2026-03-20T08:02:19.891+0000] {dag.py:3820} INFO - Setting next_dagrun for weather_etl_pipeline to 2026-03-20T08:00:00+00:00, run_after=2026-03-20T09:00:00+00:00
[2026-03-20T08:02:19.898+0000] {processor.py:183} INFO - Processing /opt/airflow/dags/weather_etl_dag.py took 0.158 seconds
[2026-03-20T08:02:52.739+0000] {processor.py:161} INFO - Started process (PID=171) to work on /opt/airflow/dags/weather_etl_dag.py
[2026-03-20T08:02:52.741+0000] {processor.py:830} INFO - Processing file /opt/airflow/dags/weather_etl_dag.py for tasks to queue
[2026-03-20T08:02:52.741+0000] {logging_mixin.py:188} INFO - [2026-03-20T08:02:52.741+0000] {dagbag.py:538} INFO - Filling up the DagBag from /opt/airflow/dags/weather_etl_dag.py
[2026-03-20T08:02:52.760+0000] {processor.py:840} INFO - DAG(s) 'weather_etl_pipeline' retrieved from /opt/airflow/dags/weather_etl_dag.py
[2026-03-20T08:02:52.771+0000] {logging_mixin.py:188} INFO - [2026-03-20T08:02:52.771+0000] {dag.py:3033} INFO - Sync 1 DAGs
[2026-03-20T08:02:52.781+0000] {logging_mixin.py:188} INFO - [2026-03-20T08:02:52.781+0000] {dag.py:3820} INFO - Setting next_dagrun for weather_etl_pipeline to 2026-03-20T08:00:00+00:00, run_after=2026-03-20T09:00:00+00:00
[2026-03-20T08:02:52.869+0000] {processor.py:183} INFO - Processing /opt/airflow/dags/weather_etl_dag.py took 0.131 seconds
[2026-03-20T08:03:23.006+0000] {processor.py:161} INFO - Started process (PID=182) to work on /opt/airflow/dags/weather_etl_dag.py
[2026-03-20T08:03:23.007+0000] {processor.py:830} INFO - Processing file /opt/airflow/dags/weather_etl_dag.py for tasks to queue
[2026-03-20T08:03:23.007+0000] {logging_mixin.py:188} INFO - [2026-03-20T08:03:23.007+0000] {dagbag.py:538} INFO - Filling up the DagBag from /opt/airflow/dags/weather_etl_dag.py
[2026-03-20T08:03:23.015+0000] {processor.py:840} INFO - DAG(s) 'weather_etl_pipeline' retrieved from /opt/airflow/dags/weather_etl_dag.py
[2026-03-20T08:03:23.188+0000] {logging_mixin.py:188} INFO - [2026-03-20T08:03:23.188+0000] {dag.py:3033} INFO - Sync 1 DAGs
[2026-03-20T08:03:23.195+0000] {logging_mixin.py:188} INFO - [2026-03-20T08:03:23.195+0000] {dag.py:3820} INFO - Setting next_dagrun for weather_etl_pipeline to 2026-03-20T08:00:00+00:00, run_after=2026-03-20T09:00:00+00:00
[2026-03-20T08:03:23.202+0000] {processor.py:183} INFO - Processing /opt/airflow/dags/weather_etl_dag.py took 0.197 seconds
[2026-03-20T08:03:53.364+0000] {processor.py:161} INFO - Started process (PID=187) to work on /opt/airflow/dags/weather_etl_dag.py
[2026-03-20T08:03:53.364+0000] {processor.py:830} INFO - Processing file /opt/airflow/dags/weather_etl_dag.py for tasks to queue
[2026-03-20T08:03:53.365+0000] {logging_mixin.py:188} INFO - [2026-03-20T08:03:53.365+0000] {dagbag.py:538} INFO - Filling up the DagBag from /opt/airflow/dags/weather_etl_dag.py
[2026-03-20T08:03:53.378+0000] {processor.py:840} INFO - DAG(s) 'weather_etl_pipeline' retrieved from /opt/airflow/dags/weather_etl_dag.py
[2026-03-20T08:03:53.496+0000] {logging_mixin.py:188} INFO - [2026-03-20T08:03:53.496+0000] {dag.py:3033} INFO - Sync 1 DAGs
[2026-03-20T08:03:53.505+0000] {logging_mixin.py:188} INFO - [2026-03-20T08:03:53.505+0000] {dag.py:3820} INFO - Setting next_dagrun for weather_etl_pipeline to 2026-03-20T08:00:00+00:00, run_after=2026-03-20T09:00:00+00:00
[2026-03-20T08:03:53.511+0000] {processor.py:183} INFO - Processing /opt/airflow/dags/weather_etl_dag.py took 0.150 seconds
[2026-03-20T08:04:23.734+0000] {processor.py:161} INFO - Started process (PID=192) to work on /opt/airflow/dags/weather_etl_dag.py
[2026-03-20T08:04:23.735+0000] {processor.py:830} INFO - Processing file /opt/airflow/dags/weather_etl_dag.py for tasks to queue
[2026-03-20T08:04:23.736+0000] {logging_mixin.py:188} INFO - [2026-03-20T08:04:23.736+0000] {dagbag.py:538} INFO - Filling up the DagBag from /opt/airflow/dags/weather_etl_dag.py
[2026-03-20T08:04:23.838+0000] {processor.py:840} INFO - DAG(s) 'weather_etl_pipeline' retrieved from /opt/airflow/dags/weather_etl_dag.py
[2026-03-20T08:04:23.849+0000] {logging_mixin.py:188} INFO - [2026-03-20T08:04:23.848+0000] {dag.py:3033} INFO - Sync 1 DAGs
[2026-03-20T08:04:23.857+0000] {logging_mixin.py:188} INFO - [2026-03-20T08:04:23.857+0000] {dag.py:3820} INFO - Setting next_dagrun for weather_etl_pipeline to 2026-03-20T08:00:00+00:00, run_after=2026-03-20T09:00:00+00:00
[2026-03-20T08:04:23.862+0000] {processor.py:183} INFO - Processing /opt/airflow/dags/weather_etl_dag.py took 0.131 seconds
[2026-03-20T08:04:54.120+0000] {processor.py:161} INFO - Started process (PID=197) to work on /opt/airflow/dags/weather_etl_dag.py
[2026-03-20T08:04:54.121+0000] {processor.py:830} INFO - Processing file /opt/airflow/dags/weather_etl_dag.py for tasks to queue
[2026-03-20T08:04:54.122+0000] {logging_mixin.py:188} INFO - [2026-03-20T08:04:54.121+0000] {dagbag.py:538} INFO - Filling up the DagBag from /opt/airflow/dags/weather_etl_dag.py
[2026-03-20T08:04:54.141+0000] {processor.py:840} INFO - DAG(s) 'weather_etl_pipeline' retrieved from /opt/airflow/dags/weather_etl_dag.py
[2026-03-20T08:04:54.157+0000] {logging_mixin.py:188} INFO - [2026-03-20T08:04:54.157+0000] {dag.py:3033} INFO - Sync 1 DAGs
[2026-03-20T08:04:54.169+0000] {logging_mixin.py:188} INFO - [2026-03-20T08:04:54.169+0000] {dag.py:3820} INFO - Setting next_dagrun for weather_etl_pipeline to 2026-03-20T08:00:00+00:00, run_after=2026-03-20T09:00:00+00:00
[2026-03-20T08:04:54.178+0000] {processor.py:183} INFO - Processing /opt/airflow/dags/weather_etl_dag.py took 0.063 seconds
[2026-03-20T08:05:24.438+0000] {processor.py:161} INFO - Started process (PID=202) to work on /opt/airflow/dags/weather_etl_dag.py
[2026-03-20T08:05:24.439+0000] {processor.py:830} INFO - Processing file /opt/airflow/dags/weather_etl_dag.py for tasks to queue
[2026-03-20T08:05:24.440+0000] {logging_mixin.py:188} INFO - [2026-03-20T08:05:24.439+0000] {dagbag.py:538} INFO - Filling up the DagBag from /opt/airflow/dags/weather_etl_dag.py
[2026-03-20T08:05:24.460+0000] {processor.py:840} INFO - DAG(s) 'weather_etl_pipeline' retrieved from /opt/airflow/dags/weather_etl_dag.py
[2026-03-20T08:05:24.479+0000] {logging_mixin.py:188} INFO - [2026-03-20T08:05:24.479+0000] {dag.py:3033} INFO - Sync 1 DAGs
[2026-03-20T08:05:24.490+0000] {logging_mixin.py:188} INFO - [2026-03-20T08:05:24.490+0000] {dag.py:3820} INFO - Setting next_dagrun for weather_etl_pipeline to 2026-03-20T08:00:00+00:00, run_after=2026-03-20T09:00:00+00:00
[2026-03-20T08:05:24.498+0000] {processor.py:183} INFO - Processing /opt/airflow/dags/weather_etl_dag.py took 0.063 seconds
[2026-03-20T08:05:54.767+0000] {processor.py:161} INFO - Started process (PID=207) to work on /opt/airflow/dags/weather_etl_dag.py
[2026-03-20T08:05:54.768+0000] {processor.py:830} INFO - Processing file /opt/airflow/dags/weather_etl_dag.py for tasks to queue
[2026-03-20T08:05:54.769+0000] {logging_mixin.py:188} INFO - [2026-03-20T08:05:54.768+0000] {dagbag.py:538} INFO - Filling up the DagBag from /opt/airflow/dags/weather_etl_dag.py
[2026-03-20T08:05:54.781+0000] {processor.py:840} INFO - DAG(s) 'weather_etl_pipeline' retrieved from /opt/airflow/dags/weather_etl_dag.py
[2026-03-20T08:05:54.799+0000] {logging_mixin.py:188} INFO - [2026-03-20T08:05:54.799+0000] {dag.py:3033} INFO - Sync 1 DAGs
[2026-03-20T08:05:54.811+0000] {logging_mixin.py:188} INFO - [2026-03-20T08:05:54.811+0000] {dag.py:3820} INFO - Setting next_dagrun for weather_etl_pipeline to 2026-03-20T08:00:00+00:00, run_after=2026-03-20T09:00:00+00:00
[2026-03-20T08:05:54.819+0000] {processor.py:183} INFO - Processing /opt/airflow/dags/weather_etl_dag.py took 0.054 seconds
[2026-03-20T08:06:25.082+0000] {processor.py:161} INFO - Started process (PID=212) to work on /opt/airflow/dags/weather_etl_dag.py
[2026-03-20T08:06:25.083+0000] {processor.py:830} INFO - Processing file /opt/airflow/dags/weather_etl_dag.py for tasks to queue
[2026-03-20T08:06:25.084+0000] {logging_mixin.py:188} INFO - [2026-03-20T08:06:25.084+0000] {dagbag.py:538} INFO - Filling up the DagBag from /opt/airflow/dags/weather_etl_dag.py
[2026-03-20T08:06:25.097+0000] {processor.py:840} INFO - DAG(s) 'weather_etl_pipeline' retrieved from /opt/airflow/dags/weather_etl_dag.py
[2026-03-20T08:06:25.112+0000] {logging_mixin.py:188} INFO - [2026-03-20T08:06:25.112+0000] {dag.py:3033} INFO - Sync 1 DAGs
[2026-03-20T08:06:25.124+0000] {logging_mixin.py:188} INFO - [2026-03-20T08:06:25.124+0000] {dag.py:3820} INFO - Setting next_dagrun for weather_etl_pipeline to 2026-03-20T08:00:00+00:00, run_after=2026-03-20T09:00:00+00:00
[2026-03-20T08:06:25.132+0000] {processor.py:183} INFO - Processing /opt/airflow/dags/weather_etl_dag.py took 0.052 seconds
[2026-03-20T08:06:55.407+0000] {processor.py:161} INFO - Started process (PID=217) to work on /opt/airflow/dags/weather_etl_dag.py
[2026-03-20T08:06:55.407+0000] {processor.py:830} INFO - Processing file /opt/airflow/dags/weather_etl_dag.py for tasks to queue
[2026-03-20T08:06:55.408+0000] {logging_mixin.py:188} INFO - [2026-03-20T08:06:55.408+0000] {dagbag.py:538} INFO - Filling up the DagBag from /opt/airflow/dags/weather_etl_dag.py
[2026-03-20T08:06:55.420+0000] {processor.py:840} INFO - DAG(s) 'weather_etl_pipeline' retrieved from /opt/airflow/dags/weather_etl_dag.py
[2026-03-20T08:06:55.434+0000] {logging_mixin.py:188} INFO - [2026-03-20T08:06:55.434+0000] {dag.py:3033} INFO - Sync 1 DAGs
[2026-03-20T08:06:55.445+0000] {logging_mixin.py:188} INFO - [2026-03-20T08:06:55.445+0000] {dag.py:3820} INFO - Setting next_dagrun for weather_etl_pipeline to 2026-03-20T08:00:00+00:00, run_after=2026-03-20T09:00:00+00:00
[2026-03-20T08:06:55.453+0000] {processor.py:183} INFO - Processing /opt/airflow/dags/weather_etl_dag.py took 0.049 seconds
[2026-03-20T08:07:25.774+0000] {processor.py:161} INFO - Started process (PID=222) to work on /opt/airflow/dags/weather_etl_dag.py
[2026-03-20T08:07:25.775+0000] {processor.py:830} INFO - Processing file /opt/airflow/dags/weather_etl_dag.py for tasks to queue
[2026-03-20T08:07:25.775+0000] {logging_mixin.py:188} INFO - [2026-03-20T08:07:25.775+0000] {dagbag.py:538} INFO - Filling up the DagBag from /opt/airflow/dags/weather_etl_dag.py
[2026-03-20T08:07:25.798+0000] {processor.py:840} INFO - DAG(s) 'weather_etl_pipeline' retrieved from /opt/airflow/dags/weather_etl_dag.py
[2026-03-20T08:07:25.823+0000] {logging_mixin.py:188} INFO - [2026-03-20T08:07:25.823+0000] {dag.py:3033} INFO - Sync 1 DAGs
[2026-03-20T08:07:25.840+0000] {logging_mixin.py:188} INFO - [2026-03-20T08:07:25.840+0000] {dag.py:3820} INFO - Setting next_dagrun for weather_etl_pipeline to 2026-03-20T08:00:00+00:00, run_after=2026-03-20T09:00:00+00:00
[2026-03-20T08:07:25.852+0000] {processor.py:183} INFO - Processing /opt/airflow/dags/weather_etl_dag.py took 0.081 seconds
[2026-03-20T08:07:56.153+0000] {processor.py:161} INFO - Started process (PID=227) to work on /opt/airflow/dags/weather_etl_dag.py
[2026-03-20T08:07:56.154+0000] {processor.py:830} INFO - Processing file /opt/airflow/dags/weather_etl_dag.py for tasks to queue
[2026-03-20T08:07:56.154+0000] {logging_mixin.py:188} INFO - [2026-03-20T08:07:56.154+0000] {dagbag.py:538} INFO - Filling up the DagBag from /opt/airflow/dags/weather_etl_dag.py
[2026-03-20T08:07:56.174+0000] {processor.py:840} INFO - DAG(s) 'weather_etl_pipeline' retrieved from /opt/airflow/dags/weather_etl_dag.py
[2026-03-20T08:07:56.192+0000] {logging_mixin.py:188} INFO - [2026-03-20T08:07:56.192+0000] {dag.py:3033} INFO - Sync 1 DAGs
[2026-03-20T08:07:56.207+0000] {logging_mixin.py:188} INFO - [2026-03-20T08:07:56.207+0000] {dag.py:3820} INFO - Setting next_dagrun for weather_etl_pipeline to 2026-03-20T08:00:00+00:00, run_after=2026-03-20T09:00:00+00:00
[2026-03-20T08:07:56.217+0000] {processor.py:183} INFO - Processing /opt/airflow/dags/weather_etl_dag.py took 0.066 seconds
