[2026-03-20T07:54:00.977+0000] {taskinstance.py:1957} INFO - Dependencies all met for dep_context=non-requeueable deps ti=<TaskInstance: weather_etl_pipeline.extract_weather manual__2026-03-20T07:53:59.896857+00:00 [queued]>
[2026-03-20T07:54:00.980+0000] {taskinstance.py:1957} INFO - Dependencies all met for dep_context=requeueable deps ti=<TaskInstance: weather_etl_pipeline.extract_weather manual__2026-03-20T07:53:59.896857+00:00 [queued]>
[2026-03-20T07:54:00.980+0000] {taskinstance.py:2171} INFO - Starting attempt 1 of 2
[2026-03-20T07:54:00.984+0000] {taskinstance.py:2192} INFO - Executing <Task(PythonOperator): extract_weather> on 2026-03-20 07:53:59.896857+00:00
[2026-03-20T07:54:00.987+0000] {standard_task_runner.py:60} INFO - Started process 177 to run task
[2026-03-20T07:54:00.988+0000] {standard_task_runner.py:87} INFO - Running: ['***', 'tasks', 'run', 'weather_etl_pipeline', 'extract_weather', 'manual__2026-03-20T07:53:59.896857+00:00', '--job-id', '8', '--raw', '--subdir', 'DAGS_FOLDER/weather_etl_dag.py', '--cfg-path', '/tmp/tmp1jnhfbfs']
[2026-03-20T07:54:00.990+0000] {standard_task_runner.py:88} INFO - Job 8: Subtask extract_weather
[2026-03-20T07:54:01.009+0000] {task_command.py:423} INFO - Running <TaskInstance: weather_etl_pipeline.extract_weather manual__2026-03-20T07:53:59.896857+00:00 [running]> on host dd63ba04d572
[2026-03-20T07:54:01.039+0000] {taskinstance.py:2481} INFO - Exporting env vars: AIRFLOW_CTX_DAG_OWNER='data_engineer' AIRFLOW_CTX_DAG_ID='weather_etl_pipeline' AIRFLOW_CTX_TASK_ID='extract_weather' AIRFLOW_CTX_EXECUTION_DATE='2026-03-20T07:53:59.896857+00:00' AIRFLOW_CTX_TRY_NUMBER='1' AIRFLOW_CTX_DAG_RUN_ID='manual__2026-03-20T07:53:59.896857+00:00'
[2026-03-20T07:54:01.039+0000] {extract.py:22} INFO - ============================================================
[2026-03-20T07:54:01.039+0000] {extract.py:23} INFO - STEP 1: EXTRACT - Fetching Weather Data
[2026-03-20T07:54:01.039+0000] {extract.py:24} INFO - ============================================================
[2026-03-20T07:54:01.039+0000] {extract.py:31} INFO - Fetching data for: London
[2026-03-20T07:54:01.442+0000] {extract.py:65} ERROR - API error for London: 401 Client Error: Unauthorized for url: https://api.weatherapi.com/v1/current.json?q=London&key=&aqi=no
[2026-03-20T07:54:01.443+0000] {extract.py:31} INFO - Fetching data for: New York
[2026-03-20T07:54:01.784+0000] {extract.py:65} ERROR - API error for New York: 401 Client Error: Unauthorized for url: https://api.weatherapi.com/v1/current.json?q=New+York&key=&aqi=no
[2026-03-20T07:54:01.785+0000] {extract.py:31} INFO - Fetching data for: Tokyo
[2026-03-20T07:54:02.313+0000] {extract.py:65} ERROR - API error for Tokyo: 401 Client Error: Unauthorized for url: https://api.weatherapi.com/v1/current.json?q=Tokyo&key=&aqi=no
[2026-03-20T07:54:02.314+0000] {extract.py:31} INFO - Fetching data for: Singapore
[2026-03-20T07:54:02.695+0000] {extract.py:65} ERROR - API error for Singapore: 401 Client Error: Unauthorized for url: https://api.weatherapi.com/v1/current.json?q=Singapore&key=&aqi=no
[2026-03-20T07:54:02.695+0000] {extract.py:31} INFO - Fetching data for: Sydney
[2026-03-20T07:54:03.100+0000] {extract.py:65} ERROR - API error for Sydney: 401 Client Error: Unauthorized for url: https://api.weatherapi.com/v1/current.json?q=Sydney&key=&aqi=no
[2026-03-20T07:54:03.100+0000] {taskinstance.py:2699} ERROR - Task failed with exception
Traceback (most recent call last):
  File "/home/airflow/.local/lib/python3.8/site-packages/airflow/models/taskinstance.py", line 433, in _execute_task
    result = execute_callable(context=context, **execute_callable_kwargs)
  File "/home/airflow/.local/lib/python3.8/site-packages/airflow/operators/python.py", line 199, in execute
    return_value = self.execute_callable()
  File "/home/airflow/.local/lib/python3.8/site-packages/airflow/operators/python.py", line 216, in execute_callable
    return self.python_callable(*self.op_args, **self.op_kwargs)
  File "/opt/airflow/dags/../plugins/helpers/extract.py", line 72, in extract_weather_data
    raise AirflowFailException("No weather data retrieved from API")
airflow.exceptions.AirflowFailException: No weather data retrieved from API
[2026-03-20T07:54:03.106+0000] {taskinstance.py:1138} INFO - Immediate failure requested. Marking task as FAILED. dag_id=weather_etl_pipeline, task_id=extract_weather, execution_date=20260320T075359, start_date=20260320T075400, end_date=20260320T075403
[2026-03-20T07:54:03.113+0000] {standard_task_runner.py:107} ERROR - Failed to execute job 8 for task extract_weather (No weather data retrieved from API; 177)
[2026-03-20T07:54:03.134+0000] {local_task_job_runner.py:234} INFO - Task exited with return code 1
[2026-03-20T07:54:03.146+0000] {taskinstance.py:3281} INFO - 0 downstream tasks scheduled from follow-on schedule check
