[2026-03-20T07:42:06.719+0000] {taskinstance.py:1957} INFO - Dependencies all met for dep_context=non-requeueable deps ti=<TaskInstance: weather_etl_pipeline.extract_weather manual__2026-03-20T07:42:06.368450+00:00 [queued]>
[2026-03-20T07:42:06.723+0000] {taskinstance.py:1957} INFO - Dependencies all met for dep_context=requeueable deps ti=<TaskInstance: weather_etl_pipeline.extract_weather manual__2026-03-20T07:42:06.368450+00:00 [queued]>
[2026-03-20T07:42:06.723+0000] {taskinstance.py:2171} INFO - Starting attempt 1 of 2
[2026-03-20T07:42:06.728+0000] {taskinstance.py:2192} INFO - Executing <Task(PythonOperator): extract_weather> on 2026-03-20 07:42:06.368450+00:00
[2026-03-20T07:42:06.730+0000] {standard_task_runner.py:60} INFO - Started process 276 to run task
[2026-03-20T07:42:06.732+0000] {standard_task_runner.py:87} INFO - Running: ['***', 'tasks', 'run', 'weather_etl_pipeline', 'extract_weather', 'manual__2026-03-20T07:42:06.368450+00:00', '--job-id', '6', '--raw', '--subdir', 'DAGS_FOLDER/weather_etl_dag.py', '--cfg-path', '/tmp/tmpj25lldrc']
[2026-03-20T07:42:06.734+0000] {standard_task_runner.py:88} INFO - Job 6: Subtask extract_weather
[2026-03-20T07:42:06.754+0000] {task_command.py:423} INFO - Running <TaskInstance: weather_etl_pipeline.extract_weather manual__2026-03-20T07:42:06.368450+00:00 [running]> on host 4bb9ee6f7974
[2026-03-20T07:42:06.784+0000] {taskinstance.py:2481} INFO - Exporting env vars: AIRFLOW_CTX_DAG_OWNER='data_engineer' AIRFLOW_CTX_DAG_ID='weather_etl_pipeline' AIRFLOW_CTX_TASK_ID='extract_weather' AIRFLOW_CTX_EXECUTION_DATE='2026-03-20T07:42:06.368450+00:00' AIRFLOW_CTX_TRY_NUMBER='1' AIRFLOW_CTX_DAG_RUN_ID='manual__2026-03-20T07:42:06.368450+00:00'
[2026-03-20T07:42:06.785+0000] {extract.py:22} INFO - ============================================================
[2026-03-20T07:42:06.785+0000] {extract.py:23} INFO - STEP 1: EXTRACT - Fetching Weather Data
[2026-03-20T07:42:06.785+0000] {extract.py:24} INFO - ============================================================
[2026-03-20T07:42:06.785+0000] {extract.py:31} INFO - Fetching data for: London
[2026-03-20T07:42:07.002+0000] {extract.py:65} ERROR - API error for London: 401 Client Error: Unauthorized for url: https://api.openweathermap.org/data/2.5/weather?q=London&appid=ab1922ed01fe438fae972447262003&units=metric
[2026-03-20T07:42:07.002+0000] {extract.py:31} INFO - Fetching data for: New York
[2026-03-20T07:42:07.241+0000] {extract.py:65} ERROR - API error for New York: 401 Client Error: Unauthorized for url: https://api.openweathermap.org/data/2.5/weather?q=New+York&appid=ab1922ed01fe438fae972447262003&units=metric
[2026-03-20T07:42:07.243+0000] {extract.py:31} INFO - Fetching data for: Tokyo
[2026-03-20T07:42:07.491+0000] {extract.py:65} ERROR - API error for Tokyo: 401 Client Error: Unauthorized for url: https://api.openweathermap.org/data/2.5/weather?q=Tokyo&appid=ab1922ed01fe438fae972447262003&units=metric
[2026-03-20T07:42:07.493+0000] {extract.py:31} INFO - Fetching data for: Singapore
[2026-03-20T07:42:07.724+0000] {extract.py:65} ERROR - API error for Singapore: 401 Client Error: Unauthorized for url: https://api.openweathermap.org/data/2.5/weather?q=Singapore&appid=ab1922ed01fe438fae972447262003&units=metric
[2026-03-20T07:42:07.725+0000] {extract.py:31} INFO - Fetching data for: Sydney
[2026-03-20T07:42:07.974+0000] {extract.py:65} ERROR - API error for Sydney: 401 Client Error: Unauthorized for url: https://api.openweathermap.org/data/2.5/weather?q=Sydney&appid=ab1922ed01fe438fae972447262003&units=metric
[2026-03-20T07:42:07.977+0000] {taskinstance.py:2699} ERROR - Task failed with exception
Traceback (most recent call last):
  File "/home/airflow/.local/lib/python3.8/site-packages/airflow/models/taskinstance.py", line 433, in _execute_task
    result = execute_callable(context=context, **execute_callable_kwargs)
  File "/home/airflow/.local/lib/python3.8/site-packages/airflow/operators/python.py", line 199, in execute
    return_value = self.execute_callable()
  File "/home/airflow/.local/lib/python3.8/site-packages/airflow/operators/python.py", line 216, in execute_callable
    return self.python_callable(*self.op_args, **self.op_kwargs)
  File "/opt/airflow/dags/../plugins/helpers/extract.py", line 72, in extract_weather_data
    raise AirflowFailException("No weather data retrieved from API")
airflow.exceptions.AirflowFailException: No weather data retrieved from API
[2026-03-20T07:42:07.991+0000] {taskinstance.py:1138} INFO - Immediate failure requested. Marking task as FAILED. dag_id=weather_etl_pipeline, task_id=extract_weather, execution_date=20260320T074206, start_date=20260320T074206, end_date=20260320T074207
[2026-03-20T07:42:08.003+0000] {standard_task_runner.py:107} ERROR - Failed to execute job 6 for task extract_weather (No weather data retrieved from API; 276)
[2026-03-20T07:42:08.043+0000] {local_task_job_runner.py:234} INFO - Task exited with return code 1
[2026-03-20T07:42:08.059+0000] {taskinstance.py:3281} INFO - 0 downstream tasks scheduled from follow-on schedule check
