[2026-03-20T07:29:22.549+0000] {manager.py:469} INFO - Processing files using up to 2 processes at a time 
[2026-03-20T07:29:22.551+0000] {manager.py:470} INFO - Process each file at most once every 30 seconds
[2026-03-20T07:29:22.552+0000] {manager.py:471} INFO - Checking for new files in /opt/airflow/dags every 300 seconds
[2026-03-20T07:29:22.552+0000] {manager.py:738} INFO - Searching for files in /opt/airflow/dags
[2026-03-20T07:29:22.556+0000] {manager.py:741} INFO - There are 1 files in /opt/airflow/dags
[2026-03-20T07:29:22.597+0000] {manager.py:879} INFO - 
================================================================================
DAG File Processing Stats

File Path                               PID  Runtime      # DAGs    # Errors  Last Runtime    Last Run
------------------------------------  -----  ---------  --------  ----------  --------------  ----------
/opt/airflow/dags/weather_etl_dag.py    170  0.02s             0           0
================================================================================
[2026-03-20T07:29:45.444+0000] {manager.py:451} INFO - Exiting gracefully upon receiving signal 15
[2026-03-20T07:30:10.476+0000] {manager.py:469} INFO - Processing files using up to 2 processes at a time 
[2026-03-20T07:30:10.476+0000] {manager.py:470} INFO - Process each file at most once every 30 seconds
[2026-03-20T07:30:10.476+0000] {manager.py:471} INFO - Checking for new files in /opt/airflow/dags every 300 seconds
[2026-03-20T07:30:10.477+0000] {manager.py:738} INFO - Searching for files in /opt/airflow/dags
[2026-03-20T07:30:10.486+0000] {manager.py:741} INFO - There are 1 files in /opt/airflow/dags
[2026-03-20T07:30:10.523+0000] {manager.py:879} INFO - 
================================================================================
DAG File Processing Stats

File Path                               PID  Runtime      # DAGs    # Errors  Last Runtime    Last Run
------------------------------------  -----  ---------  --------  ----------  --------------  ----------
/opt/airflow/dags/weather_etl_dag.py    171  0.01s             0           0
================================================================================
[2026-03-20T07:30:40.788+0000] {manager.py:879} INFO - 
================================================================================
DAG File Processing Stats

File Path                               PID  Runtime      # DAGs    # Errors  Last Runtime    Last Run
------------------------------------  -----  ---------  --------  ----------  --------------  -------------------
/opt/airflow/dags/weather_etl_dag.py    176  0.01s             1           0  0.12s           2026-03-20T07:30:10
================================================================================
[2026-03-20T07:31:11.091+0000] {manager.py:879} INFO - 
================================================================================
DAG File Processing Stats

File Path                               PID  Runtime      # DAGs    # Errors  Last Runtime    Last Run
------------------------------------  -----  ---------  --------  ----------  --------------  -------------------
/opt/airflow/dags/weather_etl_dag.py    181  0.01s             1           0  0.26s           2026-03-20T07:30:41
================================================================================
[2026-03-20T07:31:41.603+0000] {manager.py:879} INFO - 
================================================================================
DAG File Processing Stats

File Path                               PID  Runtime      # DAGs    # Errors  Last Runtime    Last Run
------------------------------------  -----  ---------  --------  ----------  --------------  -------------------
/opt/airflow/dags/weather_etl_dag.py    186  0.01s             1           0  0.26s           2026-03-20T07:31:11
================================================================================
[2026-03-20T07:31:47.017+0000] {manager.py:451} INFO - Exiting gracefully upon receiving signal 15
[2026-03-20T07:32:16.810+0000] {manager.py:469} INFO - Processing files using up to 2 processes at a time 
[2026-03-20T07:32:16.811+0000] {manager.py:470} INFO - Process each file at most once every 30 seconds
[2026-03-20T07:32:16.811+0000] {manager.py:471} INFO - Checking for new files in /opt/airflow/dags every 300 seconds
[2026-03-20T07:32:16.812+0000] {manager.py:738} INFO - Searching for files in /opt/airflow/dags
[2026-03-20T07:32:16.823+0000] {manager.py:741} INFO - There are 1 files in /opt/airflow/dags
[2026-03-20T07:32:16.871+0000] {manager.py:879} INFO - 
================================================================================
DAG File Processing Stats

File Path                               PID  Runtime      # DAGs    # Errors  Last Runtime    Last Run
------------------------------------  -----  ---------  --------  ----------  --------------  ----------
/opt/airflow/dags/weather_etl_dag.py    171  0.02s             0           0
================================================================================
[2026-03-20T07:32:47.134+0000] {manager.py:879} INFO - 
================================================================================
DAG File Processing Stats

File Path                               PID  Runtime      # DAGs    # Errors  Last Runtime    Last Run
------------------------------------  -----  ---------  --------  ----------  --------------  -------------------
/opt/airflow/dags/weather_etl_dag.py    176  0.01s             1           0  0.14s           2026-03-20T07:32:16
================================================================================
[2026-03-20T07:33:17.471+0000] {manager.py:879} INFO - 
================================================================================
DAG File Processing Stats

File Path                               PID  Runtime      # DAGs    # Errors  Last Runtime    Last Run
------------------------------------  -----  ---------  --------  ----------  --------------  -------------------
/opt/airflow/dags/weather_etl_dag.py    181  0.01s             1           0  0.30s           2026-03-20T07:32:47
================================================================================
[2026-03-20T07:33:47.740+0000] {manager.py:879} INFO - 
================================================================================
DAG File Processing Stats

File Path                               PID  Runtime      # DAGs    # Errors  Last Runtime    Last Run
------------------------------------  -----  ---------  --------  ----------  --------------  -------------------
/opt/airflow/dags/weather_etl_dag.py    186  0.01s             1           0  0.18s           2026-03-20T07:33:17
================================================================================
[2026-03-20T07:34:18.134+0000] {manager.py:879} INFO - 
================================================================================
DAG File Processing Stats

File Path                               PID  Runtime      # DAGs    # Errors  Last Runtime    Last Run
------------------------------------  -----  ---------  --------  ----------  --------------  -------------------
/opt/airflow/dags/weather_etl_dag.py    191  0.01s             1           0  0.13s           2026-03-20T07:33:47
================================================================================
[2026-03-20T07:34:48.364+0000] {manager.py:879} INFO - 
================================================================================
DAG File Processing Stats

File Path                               PID  Runtime      # DAGs    # Errors  Last Runtime    Last Run
------------------------------------  -----  ---------  --------  ----------  --------------  -------------------
/opt/airflow/dags/weather_etl_dag.py    196  0.00s             1           0  0.09s           2026-03-20T07:34:18
================================================================================
[2026-03-20T07:35:18.632+0000] {manager.py:879} INFO - 
================================================================================
DAG File Processing Stats

File Path                               PID  Runtime      # DAGs    # Errors  Last Runtime    Last Run
------------------------------------  -----  ---------  --------  ----------  --------------  -------------------
/opt/airflow/dags/weather_etl_dag.py    201  0.01s             1           0  0.06s           2026-03-20T07:34:48
================================================================================
[2026-03-20T07:35:48.888+0000] {manager.py:879} INFO - 
================================================================================
DAG File Processing Stats

File Path                               PID  Runtime      # DAGs    # Errors  Last Runtime    Last Run
------------------------------------  -----  ---------  --------  ----------  --------------  -------------------
/opt/airflow/dags/weather_etl_dag.py    206  0.01s             1           0  0.08s           2026-03-20T07:35:18
================================================================================
[2026-03-20T07:36:19.252+0000] {manager.py:879} INFO - 
================================================================================
DAG File Processing Stats

File Path                               PID  Runtime      # DAGs    # Errors  Last Runtime    Last Run
------------------------------------  -----  ---------  --------  ----------  --------------  -------------------
/opt/airflow/dags/weather_etl_dag.py    211  0.02s             1           0  0.12s           2026-03-20T07:35:48
================================================================================
[2026-03-20T07:36:49.511+0000] {manager.py:879} INFO - 
================================================================================
DAG File Processing Stats

File Path                               PID  Runtime      # DAGs    # Errors  Last Runtime    Last Run
------------------------------------  -----  ---------  --------  ----------  --------------  -------------------
/opt/airflow/dags/weather_etl_dag.py    216  0.01s             1           0  0.13s           2026-03-20T07:36:19
================================================================================
[2026-03-20T07:37:17.735+0000] {manager.py:738} INFO - Searching for files in /opt/airflow/dags
[2026-03-20T07:37:17.739+0000] {manager.py:741} INFO - There are 1 files in /opt/airflow/dags
[2026-03-20T07:37:19.770+0000] {manager.py:879} INFO - 
================================================================================
DAG File Processing Stats

File Path                               PID  Runtime      # DAGs    # Errors  Last Runtime    Last Run
------------------------------------  -----  ---------  --------  ----------  --------------  -------------------
/opt/airflow/dags/weather_etl_dag.py    221  0.01s             1           0  0.06s           2026-03-20T07:36:49
================================================================================
[2026-03-20T07:37:50.013+0000] {manager.py:879} INFO - 
================================================================================
DAG File Processing Stats

File Path                               PID  Runtime      # DAGs    # Errors  Last Runtime    Last Run
------------------------------------  -----  ---------  --------  ----------  --------------  -------------------
/opt/airflow/dags/weather_etl_dag.py    226  0.01s             1           0  0.07s           2026-03-20T07:37:19
================================================================================
[2026-03-20T07:38:20.305+0000] {manager.py:879} INFO - 
================================================================================
DAG File Processing Stats

File Path                               PID  Runtime      # DAGs    # Errors  Last Runtime    Last Run
------------------------------------  -----  ---------  --------  ----------  --------------  -------------------
/opt/airflow/dags/weather_etl_dag.py    231  0.01s             1           0  0.09s           2026-03-20T07:37:50
================================================================================
[2026-03-20T07:38:50.588+0000] {manager.py:879} INFO - 
================================================================================
DAG File Processing Stats

File Path                               PID  Runtime      # DAGs    # Errors  Last Runtime    Last Run
------------------------------------  -----  ---------  --------  ----------  --------------  -------------------
/opt/airflow/dags/weather_etl_dag.py    236  0.01s             1           0  0.07s           2026-03-20T07:38:20
================================================================================
[2026-03-20T07:39:20.847+0000] {manager.py:879} INFO - 
================================================================================
DAG File Processing Stats

File Path                               PID  Runtime      # DAGs    # Errors  Last Runtime    Last Run
------------------------------------  -----  ---------  --------  ----------  --------------  -------------------
/opt/airflow/dags/weather_etl_dag.py    241  0.01s             1           0  0.07s           2026-03-20T07:38:50
================================================================================
[2026-03-20T07:39:51.158+0000] {manager.py:879} INFO - 
================================================================================
DAG File Processing Stats

File Path                               PID  Runtime      # DAGs    # Errors  Last Runtime    Last Run
------------------------------------  -----  ---------  --------  ----------  --------------  -------------------
/opt/airflow/dags/weather_etl_dag.py    246  0.01s             1           0  0.08s           2026-03-20T07:39:20
================================================================================
[2026-03-20T07:40:21.436+0000] {manager.py:879} INFO - 
================================================================================
DAG File Processing Stats

File Path                               PID  Runtime      # DAGs    # Errors  Last Runtime    Last Run
------------------------------------  -----  ---------  --------  ----------  --------------  -------------------
/opt/airflow/dags/weather_etl_dag.py    251  0.01s             1           0  0.06s           2026-03-20T07:39:51
================================================================================
[2026-03-20T07:40:51.749+0000] {manager.py:879} INFO - 
================================================================================
DAG File Processing Stats

File Path                               PID  Runtime      # DAGs    # Errors  Last Runtime    Last Run
------------------------------------  -----  ---------  --------  ----------  --------------  -------------------
/opt/airflow/dags/weather_etl_dag.py    256  0.01s             1           0  0.10s           2026-03-20T07:40:21
================================================================================
[2026-03-20T07:41:22.067+0000] {manager.py:879} INFO - 
================================================================================
DAG File Processing Stats

File Path                               PID  Runtime      # DAGs    # Errors  Last Runtime    Last Run
------------------------------------  -----  ---------  --------  ----------  --------------  -------------------
/opt/airflow/dags/weather_etl_dag.py    261  0.01s             1           0  0.08s           2026-03-20T07:40:51
================================================================================
[2026-03-20T07:41:52.377+0000] {manager.py:879} INFO - 
================================================================================
DAG File Processing Stats

File Path                               PID  Runtime      # DAGs    # Errors  Last Runtime    Last Run
------------------------------------  -----  ---------  --------  ----------  --------------  -------------------
/opt/airflow/dags/weather_etl_dag.py    270  0.01s             1           0  0.12s           2026-03-20T07:41:22
================================================================================
[2026-03-20T07:42:18.639+0000] {manager.py:738} INFO - Searching for files in /opt/airflow/dags
[2026-03-20T07:42:18.648+0000] {manager.py:741} INFO - There are 1 files in /opt/airflow/dags
[2026-03-20T07:42:22.715+0000] {manager.py:879} INFO - 
================================================================================
DAG File Processing Stats

File Path                               PID  Runtime      # DAGs    # Errors  Last Runtime    Last Run
------------------------------------  -----  ---------  --------  ----------  --------------  -------------------
/opt/airflow/dags/weather_etl_dag.py    277  0.01s             1           0  0.08s           2026-03-20T07:41:52
================================================================================
[2026-03-20T07:42:53.038+0000] {manager.py:879} INFO - 
================================================================================
DAG File Processing Stats

File Path                               PID  Runtime      # DAGs    # Errors  Last Runtime    Last Run
------------------------------------  -----  ---------  --------  ----------  --------------  -------------------
/opt/airflow/dags/weather_etl_dag.py    282  0.01s             1           0  0.09s           2026-03-20T07:42:22
================================================================================
[2026-03-20T07:43:23.408+0000] {manager.py:879} INFO - 
================================================================================
DAG File Processing Stats

File Path                               PID  Runtime      # DAGs    # Errors  Last Runtime    Last Run
------------------------------------  -----  ---------  --------  ----------  --------------  -------------------
/opt/airflow/dags/weather_etl_dag.py    287  0.01s             1           0  0.08s           2026-03-20T07:42:53
================================================================================
[2026-03-20T07:43:53.732+0000] {manager.py:879} INFO - 
================================================================================
DAG File Processing Stats

File Path                               PID  Runtime      # DAGs    # Errors  Last Runtime    Last Run
------------------------------------  -----  ---------  --------  ----------  --------------  -------------------
/opt/airflow/dags/weather_etl_dag.py    292  0.01s             1           0  0.11s           2026-03-20T07:43:23
================================================================================
[2026-03-20T07:44:24.154+0000] {manager.py:879} INFO - 
================================================================================
DAG File Processing Stats

File Path                               PID  Runtime      # DAGs    # Errors  Last Runtime    Last Run
------------------------------------  -----  ---------  --------  ----------  --------------  -------------------
/opt/airflow/dags/weather_etl_dag.py    297  0.01s             1           0  0.08s           2026-03-20T07:43:53
================================================================================
[2026-03-20T07:44:54.469+0000] {manager.py:879} INFO - 
================================================================================
DAG File Processing Stats

File Path                               PID  Runtime      # DAGs    # Errors  Last Runtime    Last Run
------------------------------------  -----  ---------  --------  ----------  --------------  -------------------
/opt/airflow/dags/weather_etl_dag.py    302  0.01s             1           0  0.07s           2026-03-20T07:44:24
================================================================================
[2026-03-20T07:45:24.780+0000] {manager.py:879} INFO - 
================================================================================
DAG File Processing Stats

File Path                               PID  Runtime      # DAGs    # Errors  Last Runtime    Last Run
------------------------------------  -----  ---------  --------  ----------  --------------  -------------------
/opt/airflow/dags/weather_etl_dag.py    307  0.01s             1           0  0.05s           2026-03-20T07:44:54
================================================================================
[2026-03-20T07:45:55.079+0000] {manager.py:879} INFO - 
================================================================================
DAG File Processing Stats

File Path                               PID  Runtime      # DAGs    # Errors  Last Runtime    Last Run
------------------------------------  -----  ---------  --------  ----------  --------------  -------------------
/opt/airflow/dags/weather_etl_dag.py    312  0.01s             1           0  0.08s           2026-03-20T07:45:24
================================================================================
[2026-03-20T07:46:25.418+0000] {manager.py:879} INFO - 
================================================================================
DAG File Processing Stats

File Path                               PID  Runtime      # DAGs    # Errors  Last Runtime    Last Run
------------------------------------  -----  ---------  --------  ----------  --------------  -------------------
/opt/airflow/dags/weather_etl_dag.py    317  0.01s             1           0  0.08s           2026-03-20T07:45:55
================================================================================
[2026-03-20T07:46:55.736+0000] {manager.py:879} INFO - 
================================================================================
DAG File Processing Stats

File Path                               PID  Runtime      # DAGs    # Errors  Last Runtime    Last Run
------------------------------------  -----  ---------  --------  ----------  --------------  -------------------
/opt/airflow/dags/weather_etl_dag.py    322  0.01s             1           0  0.11s           2026-03-20T07:46:25
================================================================================
[2026-03-20T07:47:18.985+0000] {manager.py:738} INFO - Searching for files in /opt/airflow/dags
[2026-03-20T07:47:18.990+0000] {manager.py:741} INFO - There are 1 files in /opt/airflow/dags
[2026-03-20T07:47:26.101+0000] {manager.py:879} INFO - 
================================================================================
DAG File Processing Stats

File Path                               PID  Runtime      # DAGs    # Errors  Last Runtime    Last Run
------------------------------------  -----  ---------  --------  ----------  --------------  -------------------
/opt/airflow/dags/weather_etl_dag.py    327  0.01s             1           0  0.08s           2026-03-20T07:46:55
================================================================================
[2026-03-20T07:47:56.421+0000] {manager.py:879} INFO - 
================================================================================
DAG File Processing Stats

File Path                               PID  Runtime      # DAGs    # Errors  Last Runtime    Last Run
------------------------------------  -----  ---------  --------  ----------  --------------  -------------------
/opt/airflow/dags/weather_etl_dag.py    332  0.01s             1           0  0.12s           2026-03-20T07:47:26
================================================================================
[2026-03-20T07:48:26.741+0000] {manager.py:879} INFO - 
================================================================================
DAG File Processing Stats

File Path                               PID  Runtime      # DAGs    # Errors  Last Runtime    Last Run
------------------------------------  -----  ---------  --------  ----------  --------------  -------------------
/opt/airflow/dags/weather_etl_dag.py    337  0.01s             1           0  0.09s           2026-03-20T07:47:56
================================================================================
[2026-03-20T07:48:57.028+0000] {manager.py:879} INFO - 
================================================================================
DAG File Processing Stats

File Path                               PID  Runtime      # DAGs    # Errors  Last Runtime    Last Run
------------------------------------  -----  ---------  --------  ----------  --------------  -------------------
/opt/airflow/dags/weather_etl_dag.py    342  0.01s             1           0  0.09s           2026-03-20T07:48:26
================================================================================
[2026-03-20T07:49:27.329+0000] {manager.py:879} INFO - 
================================================================================
DAG File Processing Stats

File Path                               PID  Runtime      # DAGs    # Errors  Last Runtime    Last Run
------------------------------------  -----  ---------  --------  ----------  --------------  -------------------
/opt/airflow/dags/weather_etl_dag.py    347  0.01s             1           0  0.08s           2026-03-20T07:48:57
================================================================================
[2026-03-20T07:49:57.616+0000] {manager.py:879} INFO - 
================================================================================
DAG File Processing Stats

File Path                               PID  Runtime      # DAGs    # Errors  Last Runtime    Last Run
------------------------------------  -----  ---------  --------  ----------  --------------  -------------------
/opt/airflow/dags/weather_etl_dag.py    352  0.01s             1           0  0.10s           2026-03-20T07:49:27
================================================================================
[2026-03-20T07:50:27.910+0000] {manager.py:879} INFO - 
================================================================================
DAG File Processing Stats

File Path                               PID  Runtime      # DAGs    # Errors  Last Runtime    Last Run
------------------------------------  -----  ---------  --------  ----------  --------------  -------------------
/opt/airflow/dags/weather_etl_dag.py    357  0.01s             1           0  0.08s           2026-03-20T07:49:57
================================================================================
[2026-03-20T07:50:58.183+0000] {manager.py:879} INFO - 
================================================================================
DAG File Processing Stats

File Path                               PID  Runtime      # DAGs    # Errors  Last Runtime    Last Run
------------------------------------  -----  ---------  --------  ----------  --------------  -------------------
/opt/airflow/dags/weather_etl_dag.py    362  0.01s             1           0  0.09s           2026-03-20T07:50:27
================================================================================
[2026-03-20T07:51:28.445+0000] {manager.py:879} INFO - 
================================================================================
DAG File Processing Stats

File Path                               PID  Runtime      # DAGs    # Errors  Last Runtime    Last Run
------------------------------------  -----  ---------  --------  ----------  --------------  -------------------
/opt/airflow/dags/weather_etl_dag.py    367  0.01s             1           0  0.06s           2026-03-20T07:50:58
================================================================================
[2026-03-20T07:51:58.699+0000] {manager.py:879} INFO - 
================================================================================
DAG File Processing Stats

File Path                               PID  Runtime      # DAGs    # Errors  Last Runtime    Last Run
------------------------------------  -----  ---------  --------  ----------  --------------  -------------------
/opt/airflow/dags/weather_etl_dag.py    372  0.00s             1           0  0.07s           2026-03-20T07:51:28
================================================================================
[2026-03-20T07:52:19.862+0000] {manager.py:738} INFO - Searching for files in /opt/airflow/dags
[2026-03-20T07:52:19.869+0000] {manager.py:741} INFO - There are 1 files in /opt/airflow/dags
[2026-03-20T07:52:28.970+0000] {manager.py:879} INFO - 
================================================================================
DAG File Processing Stats

File Path                               PID  Runtime      # DAGs    # Errors  Last Runtime    Last Run
------------------------------------  -----  ---------  --------  ----------  --------------  -------------------
/opt/airflow/dags/weather_etl_dag.py    377  0.01s             1           0  0.08s           2026-03-20T07:51:58
================================================================================
[2026-03-20T07:52:59.246+0000] {manager.py:879} INFO - 
================================================================================
DAG File Processing Stats

File Path                               PID  Runtime      # DAGs    # Errors  Last Runtime    Last Run
------------------------------------  -----  ---------  --------  ----------  --------------  -------------------
/opt/airflow/dags/weather_etl_dag.py    382  0.01s             1           0  0.06s           2026-03-20T07:52:29
================================================================================
[2026-03-20T07:53:10.398+0000] {manager.py:451} INFO - Exiting gracefully upon receiving signal 15
[2026-03-20T07:53:36.352+0000] {manager.py:469} INFO - Processing files using up to 2 processes at a time 
[2026-03-20T07:53:36.352+0000] {manager.py:470} INFO - Process each file at most once every 30 seconds
[2026-03-20T07:53:36.353+0000] {manager.py:471} INFO - Checking for new files in /opt/airflow/dags every 300 seconds
[2026-03-20T07:53:36.353+0000] {manager.py:738} INFO - Searching for files in /opt/airflow/dags
[2026-03-20T07:53:36.368+0000] {manager.py:741} INFO - There are 1 files in /opt/airflow/dags
[2026-03-20T07:53:36.425+0000] {manager.py:879} INFO - 
================================================================================
DAG File Processing Stats

File Path                               PID  Runtime      # DAGs    # Errors  Last Runtime    Last Run
------------------------------------  -----  ---------  --------  ----------  --------------  ----------
/opt/airflow/dags/weather_etl_dag.py    171  0.02s             0           0
================================================================================
[2026-03-20T07:54:06.708+0000] {manager.py:879} INFO - 
================================================================================
DAG File Processing Stats

File Path                               PID  Runtime      # DAGs    # Errors  Last Runtime    Last Run
------------------------------------  -----  ---------  --------  ----------  --------------  -------------------
/opt/airflow/dags/weather_etl_dag.py    178  0.01s             1           0  0.18s           2026-03-20T07:53:36
================================================================================
[2026-03-20T07:54:37.064+0000] {manager.py:879} INFO - 
================================================================================
DAG File Processing Stats

File Path                               PID  Runtime      # DAGs    # Errors  Last Runtime    Last Run
------------------------------------  -----  ---------  --------  ----------  --------------  -------------------
/opt/airflow/dags/weather_etl_dag.py    183  0.01s             1           0  0.21s           2026-03-20T07:54:06
================================================================================
[2026-03-20T07:55:07.492+0000] {manager.py:879} INFO - 
================================================================================
DAG File Processing Stats

File Path                               PID  Runtime      # DAGs    # Errors  Last Runtime    Last Run
------------------------------------  -----  ---------  --------  ----------  --------------  -------------------
/opt/airflow/dags/weather_etl_dag.py    188  0.01s             1           0  0.26s           2026-03-20T07:54:37
================================================================================
[2026-03-20T07:55:36.606+0000] {manager.py:451} INFO - Exiting gracefully upon receiving signal 15
[2026-03-20T07:56:01.076+0000] {manager.py:469} INFO - Processing files using up to 2 processes at a time 
[2026-03-20T07:56:01.076+0000] {manager.py:470} INFO - Process each file at most once every 30 seconds
[2026-03-20T07:56:01.077+0000] {manager.py:471} INFO - Checking for new files in /opt/airflow/dags every 300 seconds
[2026-03-20T07:56:01.078+0000] {manager.py:738} INFO - Searching for files in /opt/airflow/dags
[2026-03-20T07:56:01.091+0000] {manager.py:741} INFO - There are 1 files in /opt/airflow/dags
[2026-03-20T07:56:01.142+0000] {manager.py:879} INFO - 
================================================================================
DAG File Processing Stats

File Path                               PID  Runtime      # DAGs    # Errors  Last Runtime    Last Run
------------------------------------  -----  ---------  --------  ----------  --------------  ----------
/opt/airflow/dags/weather_etl_dag.py    171  0.02s             0           0
================================================================================
[2026-03-20T07:56:31.432+0000] {manager.py:879} INFO - 
================================================================================
DAG File Processing Stats

File Path                               PID  Runtime      # DAGs    # Errors  Last Runtime    Last Run
------------------------------------  -----  ---------  --------  ----------  --------------  -------------------
/opt/airflow/dags/weather_etl_dag.py    178  0.01s             1           0  0.16s           2026-03-20T07:56:01
================================================================================
[2026-03-20T07:57:01.796+0000] {manager.py:879} INFO - 
================================================================================
DAG File Processing Stats

File Path                               PID  Runtime      # DAGs    # Errors  Last Runtime    Last Run
------------------------------------  -----  ---------  --------  ----------  --------------  -------------------
/opt/airflow/dags/weather_etl_dag.py    183  0.01s             1           0  0.30s           2026-03-20T07:56:31
================================================================================
[2026-03-20T07:57:32.054+0000] {manager.py:879} INFO - 
================================================================================
DAG File Processing Stats

File Path                               PID  Runtime      # DAGs    # Errors  Last Runtime    Last Run
------------------------------------  -----  ---------  --------  ----------  --------------  -------------------
/opt/airflow/dags/weather_etl_dag.py    188  0.01s             1           0  0.15s           2026-03-20T07:57:01
================================================================================
[2026-03-20T07:58:02.417+0000] {manager.py:879} INFO - 
================================================================================
DAG File Processing Stats

File Path                               PID  Runtime      # DAGs    # Errors  Last Runtime    Last Run
------------------------------------  -----  ---------  --------  ----------  --------------  -------------------
/opt/airflow/dags/weather_etl_dag.py    193  0.01s             1           0  0.15s           2026-03-20T07:57:32
================================================================================
[2026-03-20T07:58:32.720+0000] {manager.py:879} INFO - 
================================================================================
DAG File Processing Stats

File Path                               PID  Runtime      # DAGs    # Errors  Last Runtime    Last Run
------------------------------------  -----  ---------  --------  ----------  --------------  -------------------
/opt/airflow/dags/weather_etl_dag.py    198  0.00s             1           0  0.08s           2026-03-20T07:58:02
================================================================================
[2026-03-20T07:59:03.007+0000] {manager.py:879} INFO - 
================================================================================
DAG File Processing Stats

File Path                               PID  Runtime      # DAGs    # Errors  Last Runtime    Last Run
------------------------------------  -----  ---------  --------  ----------  --------------  -------------------
/opt/airflow/dags/weather_etl_dag.py    203  0.01s             1           0  0.06s           2026-03-20T07:58:32
================================================================================
[2026-03-20T07:59:33.303+0000] {manager.py:879} INFO - 
================================================================================
DAG File Processing Stats

File Path                               PID  Runtime      # DAGs    # Errors  Last Runtime    Last Run
------------------------------------  -----  ---------  --------  ----------  --------------  -------------------
/opt/airflow/dags/weather_etl_dag.py    208  0.01s             1           0  0.07s           2026-03-20T07:59:03
================================================================================
[2026-03-20T08:00:03.627+0000] {manager.py:879} INFO - 
================================================================================
DAG File Processing Stats

File Path                               PID  Runtime      # DAGs    # Errors  Last Runtime    Last Run
------------------------------------  -----  ---------  --------  ----------  --------------  -------------------
/opt/airflow/dags/weather_etl_dag.py    215  0.01s             1           0  0.07s           2026-03-20T07:59:33
================================================================================
[2026-03-20T08:00:29.742+0000] {manager.py:451} INFO - Exiting gracefully upon receiving signal 15
[2026-03-20T08:00:48.582+0000] {manager.py:469} INFO - Processing files using up to 2 processes at a time 
[2026-03-20T08:00:48.584+0000] {manager.py:470} INFO - Process each file at most once every 30 seconds
[2026-03-20T08:00:48.585+0000] {manager.py:471} INFO - Checking for new files in /opt/airflow/dags every 300 seconds
[2026-03-20T08:00:48.586+0000] {manager.py:738} INFO - Searching for files in /opt/airflow/dags
[2026-03-20T08:00:48.603+0000] {manager.py:741} INFO - There are 1 files in /opt/airflow/dags
[2026-03-20T08:00:48.657+0000] {manager.py:879} INFO - 
================================================================================
DAG File Processing Stats

File Path                               PID  Runtime      # DAGs    # Errors  Last Runtime    Last Run
------------------------------------  -----  ---------  --------  ----------  --------------  ----------
/opt/airflow/dags/weather_etl_dag.py    171  0.02s             0           0
================================================================================
[2026-03-20T08:01:18.945+0000] {manager.py:879} INFO - 
================================================================================
DAG File Processing Stats

File Path                               PID  Runtime      # DAGs    # Errors  Last Runtime    Last Run
------------------------------------  -----  ---------  --------  ----------  --------------  -------------------
/opt/airflow/dags/weather_etl_dag.py    176  0.01s             1           0  0.17s           2026-03-20T08:00:48
================================================================================
[2026-03-20T08:01:49.297+0000] {manager.py:879} INFO - 
================================================================================
DAG File Processing Stats

File Path                               PID  Runtime      # DAGs    # Errors  Last Runtime    Last Run
------------------------------------  -----  ---------  --------  ----------  --------------  -------------------
/opt/airflow/dags/weather_etl_dag.py    181  0.01s             1           0  0.23s           2026-03-20T08:01:19
================================================================================
[2026-03-20T08:02:19.732+0000] {manager.py:879} INFO - 
================================================================================
DAG File Processing Stats

File Path                               PID  Runtime      # DAGs    # Errors  Last Runtime    Last Run
------------------------------------  -----  ---------  --------  ----------  --------------  -------------------
/opt/airflow/dags/weather_etl_dag.py    186  0.01s             1           0  0.21s           2026-03-20T08:01:49
================================================================================
[2026-03-20T08:02:52.673+0000] {manager.py:469} INFO - Processing files using up to 2 processes at a time 
[2026-03-20T08:02:52.675+0000] {manager.py:470} INFO - Process each file at most once every 30 seconds
[2026-03-20T08:02:52.675+0000] {manager.py:471} INFO - Checking for new files in /opt/airflow/dags every 300 seconds
[2026-03-20T08:02:52.679+0000] {manager.py:738} INFO - Searching for files in /opt/airflow/dags
[2026-03-20T08:02:52.687+0000] {manager.py:741} INFO - There are 1 files in /opt/airflow/dags
[2026-03-20T08:02:52.754+0000] {manager.py:879} INFO - 
================================================================================
DAG File Processing Stats

File Path                               PID  Runtime      # DAGs    # Errors  Last Runtime    Last Run
------------------------------------  -----  ---------  --------  ----------  --------------  ----------
/opt/airflow/dags/weather_etl_dag.py    171  0.02s             0           0
================================================================================
[2026-03-20T08:03:23.003+0000] {manager.py:879} INFO - 
================================================================================
DAG File Processing Stats

File Path                               PID  Runtime      # DAGs    # Errors  Last Runtime    Last Run
------------------------------------  -----  ---------  --------  ----------  --------------  -------------------
/opt/airflow/dags/weather_etl_dag.py    182  0.00s             1           0  0.14s           2026-03-20T08:02:52
================================================================================
[2026-03-20T08:03:53.357+0000] {manager.py:879} INFO - 
================================================================================
DAG File Processing Stats

File Path                               PID  Runtime      # DAGs    # Errors  Last Runtime    Last Run
------------------------------------  -----  ---------  --------  ----------  --------------  -------------------
/opt/airflow/dags/weather_etl_dag.py    187  0.01s             1           0  0.21s           2026-03-20T08:03:23
================================================================================
[2026-03-20T08:04:23.726+0000] {manager.py:879} INFO - 
================================================================================
DAG File Processing Stats

File Path                               PID  Runtime      # DAGs    # Errors  Last Runtime    Last Run
------------------------------------  -----  ---------  --------  ----------  --------------  -------------------
/opt/airflow/dags/weather_etl_dag.py    192  0.01s             1           0  0.17s           2026-03-20T08:03:53
================================================================================
[2026-03-20T08:04:54.106+0000] {manager.py:879} INFO - 
================================================================================
DAG File Processing Stats

File Path                               PID  Runtime      # DAGs    # Errors  Last Runtime    Last Run
------------------------------------  -----  ---------  --------  ----------  --------------  -------------------
/opt/airflow/dags/weather_etl_dag.py    197  0.01s             1           0  0.15s           2026-03-20T08:04:23
================================================================================
[2026-03-20T08:05:24.429+0000] {manager.py:879} INFO - 
================================================================================
DAG File Processing Stats

File Path                               PID  Runtime      # DAGs    # Errors  Last Runtime    Last Run
------------------------------------  -----  ---------  --------  ----------  --------------  -------------------
/opt/airflow/dags/weather_etl_dag.py    202  0.01s             1           0  0.09s           2026-03-20T08:04:54
================================================================================
[2026-03-20T08:05:54.759+0000] {manager.py:879} INFO - 
================================================================================
DAG File Processing Stats

File Path                               PID  Runtime      # DAGs    # Errors  Last Runtime    Last Run
------------------------------------  -----  ---------  --------  ----------  --------------  -------------------
/opt/airflow/dags/weather_etl_dag.py    207  0.00s             1           0  0.08s           2026-03-20T08:05:24
================================================================================
[2026-03-20T08:06:25.074+0000] {manager.py:879} INFO - 
================================================================================
DAG File Processing Stats

File Path                               PID  Runtime      # DAGs    # Errors  Last Runtime    Last Run
------------------------------------  -----  ---------  --------  ----------  --------------  -------------------
/opt/airflow/dags/weather_etl_dag.py    212  0.01s             1           0  0.07s           2026-03-20T08:05:54
================================================================================
[2026-03-20T08:06:55.397+0000] {manager.py:879} INFO - 
================================================================================
DAG File Processing Stats

File Path                               PID  Runtime      # DAGs    # Errors  Last Runtime    Last Run
------------------------------------  -----  ---------  --------  ----------  --------------  -------------------
/opt/airflow/dags/weather_etl_dag.py    217  0.01s             1           0  0.07s           2026-03-20T08:06:25
================================================================================
[2026-03-20T08:07:25.763+0000] {manager.py:879} INFO - 
================================================================================
DAG File Processing Stats

File Path                               PID  Runtime      # DAGs    # Errors  Last Runtime    Last Run
------------------------------------  -----  ---------  --------  ----------  --------------  -------------------
/opt/airflow/dags/weather_etl_dag.py    222  0.02s             1           0  0.07s           2026-03-20T08:06:55
================================================================================
[2026-03-20T08:07:53.069+0000] {manager.py:738} INFO - Searching for files in /opt/airflow/dags
[2026-03-20T08:07:53.081+0000] {manager.py:741} INFO - There are 1 files in /opt/airflow/dags
[2026-03-20T08:07:56.143+0000] {manager.py:879} INFO - 
================================================================================
DAG File Processing Stats

File Path                               PID  Runtime      # DAGs    # Errors  Last Runtime    Last Run
------------------------------------  -----  ---------  --------  ----------  --------------  -------------------
/opt/airflow/dags/weather_etl_dag.py    227  0.01s             1           0  0.12s           2026-03-20T08:07:25
================================================================================
[2026-03-23T06:57:28.413+0000] {manager.py:469} INFO - Processing files using up to 2 processes at a time 
[2026-03-23T06:57:28.413+0000] {manager.py:470} INFO - Process each file at most once every 30 seconds
[2026-03-23T06:57:28.413+0000] {manager.py:471} INFO - Checking for new files in /opt/airflow/dags every 300 seconds
[2026-03-23T06:57:28.414+0000] {manager.py:738} INFO - Searching for files in /opt/airflow/dags
[2026-03-23T06:57:28.416+0000] {manager.py:741} INFO - There are 1 files in /opt/airflow/dags
[2026-03-23T06:57:28.472+0000] {manager.py:879} INFO - 
================================================================================
DAG File Processing Stats

File Path                               PID  Runtime      # DAGs    # Errors  Last Runtime    Last Run
------------------------------------  -----  ---------  --------  ----------  --------------  ----------
/opt/airflow/dags/weather_etl_dag.py    169  0.02s             0           0
================================================================================
[2026-03-23T06:57:58.720+0000] {manager.py:879} INFO - 
================================================================================
DAG File Processing Stats

File Path                               PID  Runtime      # DAGs    # Errors  Last Runtime    Last Run
------------------------------------  -----  ---------  --------  ----------  --------------  -------------------
/opt/airflow/dags/weather_etl_dag.py    181  0.00s             1           0  0.19s           2026-03-23T06:57:28
================================================================================
[2026-03-23T06:58:29.132+0000] {manager.py:879} INFO - 
================================================================================
DAG File Processing Stats

File Path                               PID  Runtime      # DAGs    # Errors  Last Runtime    Last Run
------------------------------------  -----  ---------  --------  ----------  --------------  -------------------
/opt/airflow/dags/weather_etl_dag.py    186  0.01s             1           0  0.21s           2026-03-23T06:57:58
================================================================================
[2026-03-23T06:58:59.443+0000] {manager.py:879} INFO - 
================================================================================
DAG File Processing Stats

File Path                               PID  Runtime      # DAGs    # Errors  Last Runtime    Last Run
------------------------------------  -----  ---------  --------  ----------  --------------  -------------------
/opt/airflow/dags/weather_etl_dag.py    191  0.01s             1           0  0.18s           2026-03-23T06:58:29
================================================================================
[2026-03-23T06:59:29.730+0000] {manager.py:879} INFO - 
================================================================================
DAG File Processing Stats

File Path                               PID  Runtime      # DAGs    # Errors  Last Runtime    Last Run
------------------------------------  -----  ---------  --------  ----------  --------------  -------------------
/opt/airflow/dags/weather_etl_dag.py    196  0.01s             1           0  0.13s           2026-03-23T06:58:59
================================================================================
[2026-03-23T07:00:00.033+0000] {manager.py:879} INFO - 
================================================================================
DAG File Processing Stats

File Path                               PID  Runtime      # DAGs    # Errors  Last Runtime    Last Run
------------------------------------  -----  ---------  --------  ----------  --------------  -------------------
/opt/airflow/dags/weather_etl_dag.py    201  0.01s             1           0  0.06s           2026-03-23T06:59:29
================================================================================
[2026-03-23T07:00:30.323+0000] {manager.py:879} INFO - 
================================================================================
DAG File Processing Stats

File Path                               PID  Runtime      # DAGs    # Errors  Last Runtime    Last Run
------------------------------------  -----  ---------  --------  ----------  --------------  -------------------
/opt/airflow/dags/weather_etl_dag.py    212  0.01s             1           0  0.07s           2026-03-23T07:00:00
================================================================================
[2026-03-23T07:01:00.650+0000] {manager.py:879} INFO - 
================================================================================
DAG File Processing Stats

File Path                               PID  Runtime      # DAGs    # Errors  Last Runtime    Last Run
------------------------------------  -----  ---------  --------  ----------  --------------  -------------------
/opt/airflow/dags/weather_etl_dag.py    217  0.00s             1           0  0.06s           2026-03-23T07:00:30
================================================================================
[2026-03-23T07:01:30.993+0000] {manager.py:879} INFO - 
================================================================================
DAG File Processing Stats

File Path                               PID  Runtime      # DAGs    # Errors  Last Runtime    Last Run
------------------------------------  -----  ---------  --------  ----------  --------------  -------------------
/opt/airflow/dags/weather_etl_dag.py    222  0.01s             1           0  0.06s           2026-03-23T07:01:00
================================================================================
[2026-03-23T07:02:01.305+0000] {manager.py:879} INFO - 
================================================================================
DAG File Processing Stats

File Path                               PID  Runtime      # DAGs    # Errors  Last Runtime    Last Run
------------------------------------  -----  ---------  --------  ----------  --------------  -------------------
/opt/airflow/dags/weather_etl_dag.py    227  0.01s             1           0  0.07s           2026-03-23T07:01:31
================================================================================
[2026-03-23T07:02:30.636+0000] {manager.py:469} INFO - Processing files using up to 2 processes at a time 
[2026-03-23T07:02:30.637+0000] {manager.py:470} INFO - Process each file at most once every 30 seconds
[2026-03-23T07:02:30.637+0000] {manager.py:471} INFO - Checking for new files in /opt/airflow/dags every 300 seconds
[2026-03-23T07:02:30.638+0000] {manager.py:738} INFO - Searching for files in /opt/airflow/dags
[2026-03-23T07:02:30.640+0000] {manager.py:741} INFO - There are 1 files in /opt/airflow/dags
[2026-03-23T07:02:30.678+0000] {manager.py:879} INFO - 
================================================================================
DAG File Processing Stats

File Path                               PID  Runtime      # DAGs    # Errors  Last Runtime    Last Run
------------------------------------  -----  ---------  --------  ----------  --------------  ----------
/opt/airflow/dags/weather_etl_dag.py    171  0.02s             0           0
================================================================================
[2026-03-23T07:03:00.959+0000] {manager.py:879} INFO - 
================================================================================
DAG File Processing Stats

File Path                               PID  Runtime      # DAGs    # Errors  Last Runtime    Last Run
------------------------------------  -----  ---------  --------  ----------  --------------  -------------------
/opt/airflow/dags/weather_etl_dag.py    182  0.01s             1           0  0.15s           2026-03-23T07:02:30
================================================================================
[2026-03-23T07:03:31.325+0000] {manager.py:879} INFO - 
================================================================================
DAG File Processing Stats

File Path                               PID  Runtime      # DAGs    # Errors  Last Runtime    Last Run
------------------------------------  -----  ---------  --------  ----------  --------------  -------------------
/opt/airflow/dags/weather_etl_dag.py    187  0.01s             1           0  0.24s           2026-03-23T07:03:01
================================================================================
[2026-03-23T07:04:01.672+0000] {manager.py:879} INFO - 
================================================================================
DAG File Processing Stats

File Path                               PID  Runtime      # DAGs    # Errors  Last Runtime    Last Run
------------------------------------  -----  ---------  --------  ----------  --------------  -------------------
/opt/airflow/dags/weather_etl_dag.py    192  0.00s             1           0  0.16s           2026-03-23T07:03:31
================================================================================
[2026-03-23T07:04:32.137+0000] {manager.py:879} INFO - 
================================================================================
DAG File Processing Stats

File Path                               PID  Runtime      # DAGs    # Errors  Last Runtime    Last Run
------------------------------------  -----  ---------  --------  ----------  --------------  -------------------
/opt/airflow/dags/weather_etl_dag.py    197  0.01s             1           0  0.12s           2026-03-23T07:04:01
================================================================================
[2026-03-23T07:05:02.441+0000] {manager.py:879} INFO - 
================================================================================
DAG File Processing Stats

File Path                               PID  Runtime      # DAGs    # Errors  Last Runtime    Last Run
------------------------------------  -----  ---------  --------  ----------  --------------  -------------------
/opt/airflow/dags/weather_etl_dag.py    202  0.01s             1           0  0.08s           2026-03-23T07:04:32
================================================================================
[2026-03-23T07:05:32.720+0000] {manager.py:879} INFO - 
================================================================================
DAG File Processing Stats

File Path                               PID  Runtime      # DAGs    # Errors  Last Runtime    Last Run
------------------------------------  -----  ---------  --------  ----------  --------------  -------------------
/opt/airflow/dags/weather_etl_dag.py    213  0.01s             1           0  0.07s           2026-03-23T07:05:02
================================================================================
[2026-03-23T07:06:03.025+0000] {manager.py:879} INFO - 
================================================================================
DAG File Processing Stats

File Path                               PID  Runtime      # DAGs    # Errors  Last Runtime    Last Run
------------------------------------  -----  ---------  --------  ----------  --------------  -------------------
/opt/airflow/dags/weather_etl_dag.py    218  0.01s             1           0  0.07s           2026-03-23T07:05:32
================================================================================
[2026-03-23T07:06:33.342+0000] {manager.py:879} INFO - 
================================================================================
DAG File Processing Stats

File Path                               PID  Runtime      # DAGs    # Errors  Last Runtime    Last Run
------------------------------------  -----  ---------  --------  ----------  --------------  -------------------
/opt/airflow/dags/weather_etl_dag.py    223  0.01s             1           0  0.08s           2026-03-23T07:06:03
================================================================================
[2026-03-23T07:07:03.689+0000] {manager.py:879} INFO - 
================================================================================
DAG File Processing Stats

File Path                               PID  Runtime      # DAGs    # Errors  Last Runtime    Last Run
------------------------------------  -----  ---------  --------  ----------  --------------  -------------------
/opt/airflow/dags/weather_etl_dag.py    228  0.01s             1           0  0.07s           2026-03-23T07:06:33
================================================================================
[2026-03-23T07:07:30.954+0000] {manager.py:738} INFO - Searching for files in /opt/airflow/dags
[2026-03-23T07:07:30.960+0000] {manager.py:741} INFO - There are 1 files in /opt/airflow/dags
[2026-03-23T07:07:34.010+0000] {manager.py:879} INFO - 
================================================================================
DAG File Processing Stats

File Path                               PID  Runtime      # DAGs    # Errors  Last Runtime    Last Run
------------------------------------  -----  ---------  --------  ----------  --------------  -------------------
/opt/airflow/dags/weather_etl_dag.py    233  0.01s             1           0  0.07s           2026-03-23T07:07:03
================================================================================
[2026-03-23T07:08:04.337+0000] {manager.py:879} INFO - 
================================================================================
DAG File Processing Stats

File Path                               PID  Runtime      # DAGs    # Errors  Last Runtime    Last Run
------------------------------------  -----  ---------  --------  ----------  --------------  -------------------
/opt/airflow/dags/weather_etl_dag.py    238  0.01s             1           0  0.06s           2026-03-23T07:07:34
================================================================================
[2026-03-23T07:08:34.694+0000] {manager.py:879} INFO - 
================================================================================
DAG File Processing Stats

File Path                               PID  Runtime      # DAGs    # Errors  Last Runtime    Last Run
------------------------------------  -----  ---------  --------  ----------  --------------  -------------------
/opt/airflow/dags/weather_etl_dag.py    243  0.01s             1           0  0.07s           2026-03-23T07:08:04
================================================================================
[2026-03-23T07:09:05.034+0000] {manager.py:879} INFO - 
================================================================================
DAG File Processing Stats

File Path                               PID  Runtime      # DAGs    # Errors  Last Runtime    Last Run
------------------------------------  -----  ---------  --------  ----------  --------------  -------------------
/opt/airflow/dags/weather_etl_dag.py    248  0.01s             1           0  0.07s           2026-03-23T07:08:34
================================================================================
[2026-03-23T07:09:32.893+0000] {manager.py:469} INFO - Processing files using up to 2 processes at a time 
[2026-03-23T07:09:32.894+0000] {manager.py:470} INFO - Process each file at most once every 30 seconds
[2026-03-23T07:09:32.896+0000] {manager.py:471} INFO - Checking for new files in /opt/airflow/dags every 300 seconds
[2026-03-23T07:09:32.897+0000] {manager.py:738} INFO - Searching for files in /opt/airflow/dags
[2026-03-23T07:09:32.900+0000] {manager.py:741} INFO - There are 1 files in /opt/airflow/dags
[2026-03-23T07:09:32.943+0000] {manager.py:879} INFO - 
================================================================================
DAG File Processing Stats

File Path                               PID  Runtime      # DAGs    # Errors  Last Runtime    Last Run
------------------------------------  -----  ---------  --------  ----------  --------------  ----------
/opt/airflow/dags/weather_etl_dag.py    171  0.02s             0           0
================================================================================
[2026-03-23T07:10:03.211+0000] {manager.py:879} INFO - 
================================================================================
DAG File Processing Stats

File Path                               PID  Runtime      # DAGs    # Errors  Last Runtime    Last Run
------------------------------------  -----  ---------  --------  ----------  --------------  -------------------
/opt/airflow/dags/weather_etl_dag.py    176  0.01s             1           0  0.13s           2026-03-23T07:09:33
================================================================================
[2026-03-23T07:10:33.513+0000] {manager.py:879} INFO - 
================================================================================
DAG File Processing Stats

File Path                               PID  Runtime      # DAGs    # Errors  Last Runtime    Last Run
------------------------------------  -----  ---------  --------  ----------  --------------  -------------------
/opt/airflow/dags/weather_etl_dag.py    187  0.00s             1           0  0.26s           2026-03-23T07:10:03
================================================================================
[2026-03-23T07:11:03.768+0000] {manager.py:879} INFO - 
================================================================================
DAG File Processing Stats

File Path                               PID  Runtime      # DAGs    # Errors  Last Runtime    Last Run
------------------------------------  -----  ---------  --------  ----------  --------------  -------------------
/opt/airflow/dags/weather_etl_dag.py    192  0.00s             1           0  0.20s           2026-03-23T07:10:33
================================================================================
[2026-03-23T07:11:34.162+0000] {manager.py:879} INFO - 
================================================================================
DAG File Processing Stats

File Path                               PID  Runtime      # DAGs    # Errors  Last Runtime    Last Run
------------------------------------  -----  ---------  --------  ----------  --------------  -------------------
/opt/airflow/dags/weather_etl_dag.py    197  0.01s             1           0  0.12s           2026-03-23T07:11:03
================================================================================
[2026-03-23T07:12:04.428+0000] {manager.py:879} INFO - 
================================================================================
DAG File Processing Stats

File Path                               PID  Runtime      # DAGs    # Errors  Last Runtime    Last Run
------------------------------------  -----  ---------  --------  ----------  --------------  -------------------
/opt/airflow/dags/weather_etl_dag.py    202  0.01s             1           0  0.08s           2026-03-23T07:11:34
================================================================================
[2026-03-23T07:12:34.687+0000] {manager.py:879} INFO - 
================================================================================
DAG File Processing Stats

File Path                               PID  Runtime      # DAGs    # Errors  Last Runtime    Last Run
------------------------------------  -----  ---------  --------  ----------  --------------  -------------------
/opt/airflow/dags/weather_etl_dag.py    207  0.01s             1           0  0.07s           2026-03-23T07:12:04
================================================================================
[2026-03-23T07:13:04.963+0000] {manager.py:879} INFO - 
================================================================================
DAG File Processing Stats

File Path                               PID  Runtime      # DAGs    # Errors  Last Runtime    Last Run
------------------------------------  -----  ---------  --------  ----------  --------------  -------------------
/opt/airflow/dags/weather_etl_dag.py    218  0.01s             1           0  0.07s           2026-03-23T07:12:34
================================================================================
[2026-03-23T07:13:35.301+0000] {manager.py:879} INFO - 
================================================================================
DAG File Processing Stats

File Path                               PID  Runtime      # DAGs    # Errors  Last Runtime    Last Run
------------------------------------  -----  ---------  --------  ----------  --------------  -------------------
/opt/airflow/dags/weather_etl_dag.py    223  0.01s             1           0  0.07s           2026-03-23T07:13:05
================================================================================
[2026-03-23T07:14:05.636+0000] {manager.py:879} INFO - 
================================================================================
DAG File Processing Stats

File Path                               PID  Runtime      # DAGs    # Errors  Last Runtime    Last Run
------------------------------------  -----  ---------  --------  ----------  --------------  -------------------
/opt/airflow/dags/weather_etl_dag.py    228  0.01s             1           0  0.09s           2026-03-23T07:13:35
================================================================================
[2026-03-23T07:14:32.934+0000] {manager.py:738} INFO - Searching for files in /opt/airflow/dags
[2026-03-23T07:14:32.939+0000] {manager.py:741} INFO - There are 1 files in /opt/airflow/dags
[2026-03-23T07:14:36.001+0000] {manager.py:879} INFO - 
================================================================================
DAG File Processing Stats

File Path                               PID  Runtime      # DAGs    # Errors  Last Runtime    Last Run
------------------------------------  -----  ---------  --------  ----------  --------------  -------------------
/opt/airflow/dags/weather_etl_dag.py    233  0.01s             1           0  0.08s           2026-03-23T07:14:05
================================================================================
[2026-03-23T07:15:06.310+0000] {manager.py:879} INFO - 
================================================================================
DAG File Processing Stats

File Path                               PID  Runtime      # DAGs    # Errors  Last Runtime    Last Run
------------------------------------  -----  ---------  --------  ----------  --------------  -------------------
/opt/airflow/dags/weather_etl_dag.py    238  0.01s             1           0  0.08s           2026-03-23T07:14:36
================================================================================
[2026-03-23T07:15:36.617+0000] {manager.py:879} INFO - 
================================================================================
DAG File Processing Stats

File Path                               PID  Runtime      # DAGs    # Errors  Last Runtime    Last Run
------------------------------------  -----  ---------  --------  ----------  --------------  -------------------
/opt/airflow/dags/weather_etl_dag.py    243  0.01s             1           0  0.08s           2026-03-23T07:15:06
================================================================================
[2026-03-23T07:16:06.920+0000] {manager.py:879} INFO - 
================================================================================
DAG File Processing Stats

File Path                               PID  Runtime      # DAGs    # Errors  Last Runtime    Last Run
------------------------------------  -----  ---------  --------  ----------  --------------  -------------------
/opt/airflow/dags/weather_etl_dag.py    248  0.01s             1           0  0.09s           2026-03-23T07:15:36
================================================================================
[2026-03-23T07:16:37.249+0000] {manager.py:879} INFO - 
================================================================================
DAG File Processing Stats

File Path                               PID  Runtime      # DAGs    # Errors  Last Runtime    Last Run
------------------------------------  -----  ---------  --------  ----------  --------------  -------------------
/opt/airflow/dags/weather_etl_dag.py    253  0.01s             1           0  0.09s           2026-03-23T07:16:06
================================================================================
[2026-03-23T07:17:07.570+0000] {manager.py:879} INFO - 
================================================================================
DAG File Processing Stats

File Path                               PID  Runtime      # DAGs    # Errors  Last Runtime    Last Run
------------------------------------  -----  ---------  --------  ----------  --------------  -------------------
/opt/airflow/dags/weather_etl_dag.py    258  0.01s             1           0  0.07s           2026-03-23T07:16:37
================================================================================
[2026-03-23T07:17:37.898+0000] {manager.py:879} INFO - 
================================================================================
DAG File Processing Stats

File Path                               PID  Runtime      # DAGs    # Errors  Last Runtime    Last Run
------------------------------------  -----  ---------  --------  ----------  --------------  -------------------
/opt/airflow/dags/weather_etl_dag.py    263  0.01s             1           0  0.10s           2026-03-23T07:17:07
================================================================================
[2026-03-23T07:18:08.210+0000] {manager.py:879} INFO - 
================================================================================
DAG File Processing Stats

File Path                               PID  Runtime      # DAGs    # Errors  Last Runtime    Last Run
------------------------------------  -----  ---------  --------  ----------  --------------  -------------------
/opt/airflow/dags/weather_etl_dag.py    268  0.01s             1           0  0.09s           2026-03-23T07:17:37
================================================================================
[2026-03-23T07:18:38.533+0000] {manager.py:879} INFO - 
================================================================================
DAG File Processing Stats

File Path                               PID  Runtime      # DAGs    # Errors  Last Runtime    Last Run
------------------------------------  -----  ---------  --------  ----------  --------------  -------------------
/opt/airflow/dags/weather_etl_dag.py    273  0.01s             1           0  0.08s           2026-03-23T07:18:08
================================================================================
[2026-03-23T07:19:08.854+0000] {manager.py:879} INFO - 
================================================================================
DAG File Processing Stats

File Path                               PID  Runtime      # DAGs    # Errors  Last Runtime    Last Run
------------------------------------  -----  ---------  --------  ----------  --------------  -------------------
/opt/airflow/dags/weather_etl_dag.py    278  0.01s             1           0  0.07s           2026-03-23T07:18:38
================================================================================
[2026-03-23T07:19:33.088+0000] {manager.py:738} INFO - Searching for files in /opt/airflow/dags
[2026-03-23T07:19:33.096+0000] {manager.py:741} INFO - There are 1 files in /opt/airflow/dags
[2026-03-23T07:19:39.176+0000] {manager.py:879} INFO - 
================================================================================
DAG File Processing Stats

File Path                               PID  Runtime      # DAGs    # Errors  Last Runtime    Last Run
------------------------------------  -----  ---------  --------  ----------  --------------  -------------------
/opt/airflow/dags/weather_etl_dag.py    283  0.00s             1           0  0.07s           2026-03-23T07:19:08
================================================================================
[2026-03-23T07:20:09.492+0000] {manager.py:879} INFO - 
================================================================================
DAG File Processing Stats

File Path                               PID  Runtime      # DAGs    # Errors  Last Runtime    Last Run
------------------------------------  -----  ---------  --------  ----------  --------------  -------------------
/opt/airflow/dags/weather_etl_dag.py    288  0.01s             1           0  0.07s           2026-03-23T07:19:39
================================================================================
[2026-03-23T07:20:39.757+0000] {manager.py:879} INFO - 
================================================================================
DAG File Processing Stats

File Path                               PID  Runtime      # DAGs    # Errors  Last Runtime    Last Run
------------------------------------  -----  ---------  --------  ----------  --------------  -------------------
/opt/airflow/dags/weather_etl_dag.py    293  0.01s             1           0  0.07s           2026-03-23T07:20:09
================================================================================
[2026-03-23T07:21:10.063+0000] {manager.py:879} INFO - 
================================================================================
DAG File Processing Stats

File Path                               PID  Runtime      # DAGs    # Errors  Last Runtime    Last Run
------------------------------------  -----  ---------  --------  ----------  --------------  -------------------
/opt/airflow/dags/weather_etl_dag.py    298  0.01s             1           0  0.05s           2026-03-23T07:20:39
================================================================================
[2026-03-23T07:21:40.395+0000] {manager.py:879} INFO - 
================================================================================
DAG File Processing Stats

File Path                               PID  Runtime      # DAGs    # Errors  Last Runtime    Last Run
------------------------------------  -----  ---------  --------  ----------  --------------  -------------------
/opt/airflow/dags/weather_etl_dag.py    305  0.01s             1           0  0.08s           2026-03-23T07:21:10
================================================================================
[2026-03-23T07:22:10.689+0000] {manager.py:879} INFO - 
================================================================================
DAG File Processing Stats

File Path                               PID  Runtime      # DAGs    # Errors  Last Runtime    Last Run
------------------------------------  -----  ---------  --------  ----------  --------------  -------------------
/opt/airflow/dags/weather_etl_dag.py    314  0.01s             1           0  0.07s           2026-03-23T07:21:40
================================================================================
[2026-03-23T07:22:40.969+0000] {manager.py:879} INFO - 
================================================================================
DAG File Processing Stats

File Path                               PID  Runtime      # DAGs    # Errors  Last Runtime    Last Run
------------------------------------  -----  ---------  --------  ----------  --------------  -------------------
/opt/airflow/dags/weather_etl_dag.py    319  0.01s             1           0  0.07s           2026-03-23T07:22:10
================================================================================
[2026-03-23T07:23:11.279+0000] {manager.py:879} INFO - 
================================================================================
DAG File Processing Stats

File Path                               PID  Runtime      # DAGs    # Errors  Last Runtime    Last Run
------------------------------------  -----  ---------  --------  ----------  --------------  -------------------
/opt/airflow/dags/weather_etl_dag.py    324  0.01s             1           0  0.08s           2026-03-23T07:22:41
================================================================================
[2026-03-23T07:23:41.560+0000] {manager.py:879} INFO - 
================================================================================
DAG File Processing Stats

File Path                               PID  Runtime      # DAGs    # Errors  Last Runtime    Last Run
------------------------------------  -----  ---------  --------  ----------  --------------  -------------------
/opt/airflow/dags/weather_etl_dag.py    329  0.00s             1           0  0.08s           2026-03-23T07:23:11
================================================================================
[2026-03-23T07:24:11.829+0000] {manager.py:879} INFO - 
================================================================================
DAG File Processing Stats

File Path                               PID  Runtime      # DAGs    # Errors  Last Runtime    Last Run
------------------------------------  -----  ---------  --------  ----------  --------------  -------------------
/opt/airflow/dags/weather_etl_dag.py    334  0.01s             1           0  0.05s           2026-03-23T07:23:41
================================================================================
[2026-03-23T07:24:34.050+0000] {manager.py:738} INFO - Searching for files in /opt/airflow/dags
[2026-03-23T07:24:34.056+0000] {manager.py:741} INFO - There are 1 files in /opt/airflow/dags
[2026-03-23T07:24:42.148+0000] {manager.py:879} INFO - 
================================================================================
DAG File Processing Stats

File Path                               PID  Runtime      # DAGs    # Errors  Last Runtime    Last Run
------------------------------------  -----  ---------  --------  ----------  --------------  -------------------
/opt/airflow/dags/weather_etl_dag.py    339  0.00s             1           0  0.09s           2026-03-23T07:24:11
================================================================================
[2026-03-23T07:25:12.418+0000] {manager.py:879} INFO - 
================================================================================
DAG File Processing Stats

File Path                               PID  Runtime      # DAGs    # Errors  Last Runtime    Last Run
------------------------------------  -----  ---------  --------  ----------  --------------  -------------------
/opt/airflow/dags/weather_etl_dag.py    344  0.01s             1           0  0.07s           2026-03-23T07:24:42
================================================================================
[2026-03-23T07:25:42.761+0000] {manager.py:879} INFO - 
================================================================================
DAG File Processing Stats

File Path                               PID  Runtime      # DAGs    # Errors  Last Runtime    Last Run
------------------------------------  -----  ---------  --------  ----------  --------------  -------------------
/opt/airflow/dags/weather_etl_dag.py    349  0.01s             1           0  0.07s           2026-03-23T07:25:12
================================================================================
[2026-03-23T07:26:13.062+0000] {manager.py:879} INFO - 
================================================================================
DAG File Processing Stats

File Path                               PID  Runtime      # DAGs    # Errors  Last Runtime    Last Run
------------------------------------  -----  ---------  --------  ----------  --------------  -------------------
/opt/airflow/dags/weather_etl_dag.py    354  0.01s             1           0  0.08s           2026-03-23T07:25:42
================================================================================
[2026-03-23T07:26:43.408+0000] {manager.py:879} INFO - 
================================================================================
DAG File Processing Stats

File Path                               PID  Runtime      # DAGs    # Errors  Last Runtime    Last Run
------------------------------------  -----  ---------  --------  ----------  --------------  -------------------
/opt/airflow/dags/weather_etl_dag.py    359  0.01s             1           0  0.09s           2026-03-23T07:26:13
================================================================================
[2026-03-23T07:27:13.739+0000] {manager.py:879} INFO - 
================================================================================
DAG File Processing Stats

File Path                               PID  Runtime      # DAGs    # Errors  Last Runtime    Last Run
------------------------------------  -----  ---------  --------  ----------  --------------  -------------------
/opt/airflow/dags/weather_etl_dag.py    364  0.01s             1           0  0.09s           2026-03-23T07:26:43
================================================================================
[2026-03-23T07:27:44.058+0000] {manager.py:879} INFO - 
================================================================================
DAG File Processing Stats

File Path                               PID  Runtime      # DAGs    # Errors  Last Runtime    Last Run
------------------------------------  -----  ---------  --------  ----------  --------------  -------------------
/opt/airflow/dags/weather_etl_dag.py    369  0.01s             1           0  0.07s           2026-03-23T07:27:13
================================================================================
[2026-03-23T07:28:14.369+0000] {manager.py:879} INFO - 
================================================================================
DAG File Processing Stats

File Path                               PID  Runtime      # DAGs    # Errors  Last Runtime    Last Run
------------------------------------  -----  ---------  --------  ----------  --------------  -------------------
/opt/airflow/dags/weather_etl_dag.py    374  0.01s             1           0  0.07s           2026-03-23T07:27:44
================================================================================
