[2026-03-20T08:03:22.364+0000] {taskinstance.py:1957} INFO - Dependencies all met for dep_context=non-requeueable deps ti=<TaskInstance: weather_etl_pipeline.transform_weather manual__2026-03-20T08:03:18.031677+00:00 [queued]>
[2026-03-20T08:03:22.367+0000] {taskinstance.py:1957} INFO - Dependencies all met for dep_context=requeueable deps ti=<TaskInstance: weather_etl_pipeline.transform_weather manual__2026-03-20T08:03:18.031677+00:00 [queued]>
[2026-03-20T08:03:22.367+0000] {taskinstance.py:2171} INFO - Starting attempt 1 of 2
[2026-03-20T08:03:22.372+0000] {taskinstance.py:2192} INFO - Executing <Task(PythonOperator): transform_weather> on 2026-03-20 08:03:18.031677+00:00
[2026-03-20T08:03:22.374+0000] {standard_task_runner.py:60} INFO - Started process 179 to run task
[2026-03-20T08:03:22.376+0000] {standard_task_runner.py:87} INFO - Running: ['***', 'tasks', 'run', 'weather_etl_pipeline', 'transform_weather', 'manual__2026-03-20T08:03:18.031677+00:00', '--job-id', '15', '--raw', '--subdir', 'DAGS_FOLDER/weather_etl_dag.py', '--cfg-path', '/tmp/tmpjyeiudyu']
[2026-03-20T08:03:22.378+0000] {standard_task_runner.py:88} INFO - Job 15: Subtask transform_weather
[2026-03-20T08:03:22.393+0000] {task_command.py:423} INFO - Running <TaskInstance: weather_etl_pipeline.transform_weather manual__2026-03-20T08:03:18.031677+00:00 [running]> on host e7088b8afdb4
[2026-03-20T08:03:22.419+0000] {taskinstance.py:2481} INFO - Exporting env vars: AIRFLOW_CTX_DAG_OWNER='data_engineer' AIRFLOW_CTX_DAG_ID='weather_etl_pipeline' AIRFLOW_CTX_TASK_ID='transform_weather' AIRFLOW_CTX_EXECUTION_DATE='2026-03-20T08:03:18.031677+00:00' AIRFLOW_CTX_TRY_NUMBER='1' AIRFLOW_CTX_DAG_RUN_ID='manual__2026-03-20T08:03:18.031677+00:00'
[2026-03-20T08:03:22.420+0000] {transform.py:16} INFO - ============================================================
[2026-03-20T08:03:22.420+0000] {transform.py:17} INFO - STEP 2: TRANSFORM - Processing Weather Data
[2026-03-20T08:03:22.420+0000] {transform.py:18} INFO - ============================================================
[2026-03-20T08:03:22.430+0000] {transform.py:29} INFO - Received 5 records
[2026-03-20T08:03:22.430+0000] {transform.py:32} INFO - Cleaning data...
[2026-03-20T08:03:22.433+0000] {transform.py:46} INFO - Creating features...
[2026-03-20T08:03:22.434+0000] {transform.py:85} INFO - Transformed 5 records
[2026-03-20T08:03:22.434+0000] {transform.py:86} INFO - Features added: temp_category, comfort_score, wind_category
[2026-03-20T08:03:22.441+0000] {python.py:201} INFO - Done. Returned value was: Transformed 5 weather records
[2026-03-20T08:03:22.447+0000] {taskinstance.py:1138} INFO - Marking task as SUCCESS. dag_id=weather_etl_pipeline, task_id=transform_weather, execution_date=20260320T080318, start_date=20260320T080322, end_date=20260320T080322
[2026-03-20T08:03:22.472+0000] {local_task_job_runner.py:234} INFO - Task exited with return code 0
[2026-03-20T08:03:22.480+0000] {taskinstance.py:3281} INFO - 1 downstream tasks scheduled from follow-on schedule check
